[30-Jul-2017 23:00:29 Asia/Tokyo] PHP Fatal error:  Class 'App\Http\Controllers\Micropost' not found in /home/ubuntu/workspace/microposts/app/Http/Controllers/MicropostsController.php on line 93
[30-Jul-2017 23:00:29 Asia/Tokyo] PHP Stack trace:
[30-Jul-2017 23:00:29 Asia/Tokyo] PHP   1. {main}() /home/ubuntu/workspace/microposts/server.php:0
[30-Jul-2017 23:00:29 Asia/Tokyo] PHP   2. require_once() /home/ubuntu/workspace/microposts/server.php:21
[30-Jul-2017 23:00:29 Asia/Tokyo] PHP   3. Illuminate\Foundation\Http\Kernel->handle() /home/ubuntu/workspace/microposts/public/index.php:54
[30-Jul-2017 23:00:29 Asia/Tokyo] PHP   4. Illuminate\Foundation\Http\Kernel->sendRequestThroughRouter() /home/ubuntu/workspace/microposts/vendor/laravel/framework/src/Illuminate/Foundation/Http/Kernel.php:87
[30-Jul-2017 23:00:29 Asia/Tokyo] PHP   5. Illuminate\Pipeline\Pipeline->then() /home/ubuntu/workspace/microposts/vendor/laravel/framework/src/Illuminate/Foundation/Http/Kernel.php:122
[30-Jul-2017 23:00:29 Asia/Tokyo] PHP   6. call_user_func:{/home/ubuntu/workspace/microposts/vendor/laravel/framework/src/Illuminate/Pipeline/Pipeline.php:103}() /home/ubuntu/workspace/microposts/vendor/laravel/framework/src/Illuminate/Pipeline/Pipeline.php:103
[30-Jul-2017 23:00:29 Asia/Tokyo] PHP   7. Illuminate\Pipeline\Pipeline->Illuminate\Pipeline\{closure}() /home/ubuntu/workspace/microposts/vendor/laravel/framework/src/Illuminate/Pipeline/Pipeline.php:103
[30-Jul-2017 23:00:29 Asia/Tokyo] PHP   8. call_user_func_array:{/home/ubuntu/workspace/microposts/vendor/laravel/framework/src/Illuminate/Pipeline/Pipeline.php:124}() /home/ubuntu/workspace/microposts/vendor/laravel/framework/src/Illuminate/Pipeline/Pipeline.php:124
[30-Jul-2017 23:00:29 Asia/Tokyo] PHP   9. Illuminate\Foundation\Http\Middleware\CheckForMaintenanceMode->handle() /home/ubuntu/workspace/microposts/vendor/laravel/framework/src/Illuminate/Pipeline/Pipeline.php:124
[30-Jul-2017 23:00:29 Asia/Tokyo] PHP  10. Illuminate\Pipeline\Pipeline->Illuminate\Pipeline\{closure}() /home/ubuntu/workspace/microposts/vendor/laravel/framework/src/Illuminate/Foundation/Http/Middleware/CheckForMaintenanceMode.php:44
[30-Jul-2017 23:00:29 Asia/Tokyo] PHP  11. call_user_func_array:{/home/ubuntu/workspace/microposts/vendor/laravel/framework/src/Illuminate/Pipeline/Pipeline.php:124}() /home/ubuntu/workspace/microposts/vendor/laravel/framework/src/Illuminate/Pipeline/Pipeline.php:124
[30-Jul-2017 23:00:29 Asia/Tokyo] PHP  12. Illuminate\Cookie\Middleware\EncryptCookies->handle() /home/ubuntu/workspace/microposts/vendor/laravel/framework/src/Illuminate/Pipeline/Pipeline.php:124
[30-Jul-2017 23:00:29 Asia/Tokyo] PHP  13. Illuminate\Pipeline\Pipeline->Illuminate\Pipeline\{closure}() /home/ubuntu/workspace/microposts/vendor/laravel/framework/src/Illuminate/Cookie/Middleware/EncryptCookies.php:59
[30-Jul-2017 23:00:29 Asia/Tokyo] PHP  14. call_user_func_array:{/home/ubuntu/workspace/microposts/vendor/laravel/framework/src/Illuminate/Pipeline/Pipeline.php:124}() /home/ubuntu/workspace/microposts/vendor/laravel/framework/src/Illuminate/Pipeline/Pipeline.php:124
[30-Jul-2017 23:00:29 Asia/Tokyo] PHP  15. Illuminate\Cookie\Middleware\AddQueuedCookiesToResponse->handle() /home/ubuntu/workspace/microposts/vendor/laravel/framework/src/Illuminate/Pipeline/Pipeline.php:124
[30-Jul-2017 23:00:29 Asia/Tokyo] PHP  16. Illuminate\Pipeline\Pipeline->Illuminate\Pipeline\{closure}() /home/ubuntu/workspace/microposts/vendor/laravel/framework/src/Illuminate/Cookie/Middleware/AddQueuedCookiesToResponse.php:37
[30-Jul-2017 23:00:29 Asia/Tokyo] PHP  17. call_user_func_array:{/home/ubuntu/workspace/microposts/vendor/laravel/framework/src/Illuminate/Pipeline/Pipeline.php:124}() /home/ubuntu/workspace/microposts/vendor/laravel/framework/src/Illuminate/Pipeline/Pipeline.php:124
[30-Jul-2017 23:00:29 Asia/Tokyo] PHP  18. Illuminate\Session\Middleware\StartSession->handle() /home/ubuntu/workspace/microposts/vendor/laravel/framework/src/Illuminate/Pipeline/Pipeline.php:124
[30-Jul-2017 23:00:29 Asia/Tokyo] PHP  19. Illuminate\Pipeline\Pipeline->Illuminate\Pipeline\{closure}() /home/ubuntu/workspace/microposts/vendor/laravel/framework/src/Illuminate/Session/Middleware/StartSession.php:62
[30-Jul-2017 23:00:29 Asia/Tokyo] PHP  20. call_user_func_array:{/home/ubuntu/workspace/microposts/vendor/laravel/framework/src/Illuminate/Pipeline/Pipeline.php:124}() /home/ubuntu/workspace/microposts/vendor/laravel/framework/src/Illuminate/Pipeline/Pipeline.php:124
[30-Jul-2017 23:00:29 Asia/Tokyo] PHP  21. Illuminate\View\Middleware\ShareErrorsFromSession->handle() /home/ubuntu/workspace/microposts/vendor/laravel/framework/src/Illuminate/Pipeline/Pipeline.php:124
[30-Jul-2017 23:00:29 Asia/Tokyo] PHP  22. Illuminate\Pipeline\Pipeline->Illuminate\Pipeline\{closure}() /home/ubuntu/workspace/microposts/vendor/laravel/framework/src/Illuminate/View/Middleware/ShareErrorsFromSession.php:49
[30-Jul-2017 23:00:29 Asia/Tokyo] PHP  23. call_user_func_array:{/home/ubuntu/workspace/microposts/vendor/laravel/framework/src/Illuminate/Pipeline/Pipeline.php:124}() /home/ubuntu/workspace/microposts/vendor/laravel/framework/src/Illuminate/Pipeline/Pipeline.php:124
[30-Jul-2017 23:00:29 Asia/Tokyo] PHP  24. Illuminate\Foundation\Http\Middleware\VerifyCsrfToken->handle() /home/ubuntu/workspace/microposts/vendor/laravel/framework/src/Illuminate/Pipeline/Pipeline.php:124
[30-Jul-2017 23:00:29 Asia/Tokyo] PHP  25. Illuminate\Pipeline\Pipeline->Illuminate\Pipeline\{closure}() /home/ubuntu/workspace/microposts/vendor/laravel/framework/src/Illuminate/Foundation/Http/Middleware/VerifyCsrfToken.php:50
[30-Jul-2017 23:00:29 Asia/Tokyo] PHP  26. call_user_func:{/home/ubuntu/workspace/microposts/vendor/laravel/framework/src/Illuminate/Pipeline/Pipeline.php:139}() /home/ubuntu/workspace/microposts/vendor/laravel/framework/src/Illuminate/Pipeline/Pipeline.php:139
[30-Jul-2017 23:00:29 Asia/Tokyo] PHP  27. Illuminate\Foundation\Http\Kernel->Illuminate\Foundation\Http\{closure}() /home/ubuntu/workspace/microposts/vendor/laravel/framework/src/Illuminate/Pipeline/Pipeline.php:139
[30-Jul-2017 23:00:29 Asia/Tokyo] PHP  28. Illuminate\Routing\Router->dispatch() /home/ubuntu/workspace/microposts/vendor/laravel/framework/src/Illuminate/Foundation/Http/Kernel.php:236
[30-Jul-2017 23:00:29 Asia/Tokyo] PHP  29. Illuminate\Routing\Router->dispatchToRoute() /home/ubuntu/workspace/microposts/vendor/laravel/framework/src/Illuminate/Routing/Router.php:635
[30-Jul-2017 23:00:29 Asia/Tokyo] PHP  30. Illuminate\Routing\Router->runRouteWithinStack() /home/ubuntu/workspace/microposts/vendor/laravel/framework/src/Illuminate/Routing/Router.php:675
[30-Jul-2017 23:00:29 Asia/Tokyo] PHP  31. Illuminate\Pipeline\Pipeline->then() /home/ubuntu/workspace/microposts/vendor/laravel/framework/src/Illuminate/Routing/Router.php:710
[30-Jul-2017 23:00:29 Asia/Tokyo] PHP  32. call_user_func:{/home/ubuntu/workspace/microposts/vendor/laravel/framework/src/Illuminate/Pipeline/Pipeline.php:103}() /home/ubuntu/workspace/microposts/vendor/laravel/framework/src/Illuminate/Pipeline/Pipeline.php:103
[30-Jul-2017 23:00:29 Asia/Tokyo] PHP  33. Illuminate\Pipeline\Pipeline->Illuminate\Pipeline\{closure}() /home/ubuntu/workspace/microposts/vendor/laravel/framework/src/Illuminate/Pipeline/Pipeline.php:103
[30-Jul-2017 23:00:29 Asia/Tokyo] PHP  34. call_user_func_array:{/home/ubuntu/workspace/microposts/vendor/laravel/framework/src/Illuminate/Pipeline/Pipeline.php:124}() /home/ubuntu/workspace/microposts/vendor/laravel/framework/src/Illuminate/Pipeline/Pipeline.php:124
[30-Jul-2017 23:00:29 Asia/Tokyo] PHP  35. App\Http\Middleware\Authenticate->handle() /home/ubuntu/workspace/microposts/vendor/laravel/framework/src/Illuminate/Pipeline/Pipeline.php:124
[30-Jul-2017 23:00:29 Asia/Tokyo] PHP  36. Illuminate\Pipeline\Pipeline->Illuminate\Pipeline\{closure}() /home/ubuntu/workspace/microposts/app/Http/Middleware/Authenticate.php:45
[30-Jul-2017 23:00:29 Asia/Tokyo] PHP  37. call_user_func:{/home/ubuntu/workspace/microposts/vendor/laravel/framework/src/Illuminate/Pipeline/Pipeline.php:139}() /home/ubuntu/workspace/microposts/vendor/laravel/framework/src/Illuminate/Pipeline/Pipeline.php:139
[30-Jul-2017 23:00:29 Asia/Tokyo] PHP  38. Illuminate\Routing\Router->Illuminate\Routing\{closure}() /home/ubuntu/workspace/microposts/vendor/laravel/framework/src/Illuminate/Pipeline/Pipeline.php:139
[30-Jul-2017 23:00:29 Asia/Tokyo] PHP  39. Illuminate\Routing\Route->run() /home/ubuntu/workspace/microposts/vendor/laravel/framework/src/Illuminate/Routing/Router.php:708
[30-Jul-2017 23:00:29 Asia/Tokyo] PHP  40. Illuminate\Routing\Route->runWithCustomDispatcher() /home/ubuntu/workspace/microposts/vendor/laravel/framework/src/Illuminate/Routing/Route.php:134
[30-Jul-2017 23:00:29 Asia/Tokyo] PHP  41. Illuminate\Routing\ControllerDispatcher->dispatch() /home/ubuntu/workspace/microposts/vendor/laravel/framework/src/Illuminate/Routing/Route.php:203
[30-Jul-2017 23:00:29 Asia/Tokyo] PHP  42. Illuminate\Routing\ControllerDispatcher->callWithinStack() /home/ubuntu/workspace/microposts/vendor/laravel/framework/src/Illuminate/Routing/ControllerDispatcher.php:69
[30-Jul-2017 23:00:29 Asia/Tokyo] PHP  43. Illuminate\Pipeline\Pipeline->then() /home/ubuntu/workspace/microposts/vendor/laravel/framework/src/Illuminate/Routing/ControllerDispatcher.php:114
[30-Jul-2017 23:00:29 Asia/Tokyo] PHP  44. call_user_func:{/home/ubuntu/workspace/microposts/vendor/laravel/framework/src/Illuminate/Pipeline/Pipeline.php:103}() /home/ubuntu/workspace/microposts/vendor/laravel/framework/src/Illuminate/Pipeline/Pipeline.php:103
[30-Jul-2017 23:00:29 Asia/Tokyo] PHP  45. Illuminate\Pipeline\Pipeline->Illuminate\Pipeline\{closure}() /home/ubuntu/workspace/microposts/vendor/laravel/framework/src/Illuminate/Pipeline/Pipeline.php:103
[30-Jul-2017 23:00:29 Asia/Tokyo] PHP  46. call_user_func:{/home/ubuntu/workspace/microposts/vendor/laravel/framework/src/Illuminate/Pipeline/Pipeline.php:139}() /home/ubuntu/workspace/microposts/vendor/laravel/framework/src/Illuminate/Pipeline/Pipeline.php:139
[30-Jul-2017 23:00:29 Asia/Tokyo] PHP  47. Illuminate\Routing\ControllerDispatcher->Illuminate\Routing\{closure}() /home/ubuntu/workspace/microposts/vendor/laravel/framework/src/Illuminate/Pipeline/Pipeline.php:139
[30-Jul-2017 23:00:29 Asia/Tokyo] PHP  48. Illuminate\Routing\ControllerDispatcher->call() /home/ubuntu/workspace/microposts/vendor/laravel/framework/src/Illuminate/Routing/ControllerDispatcher.php:112
[30-Jul-2017 23:00:29 Asia/Tokyo] PHP  49. Illuminate\Routing\Controller->callAction() /home/ubuntu/workspace/microposts/vendor/laravel/framework/src/Illuminate/Routing/ControllerDispatcher.php:164
[30-Jul-2017 23:00:29 Asia/Tokyo] PHP  50. call_user_func_array:{/home/ubuntu/workspace/microposts/vendor/laravel/framework/src/Illuminate/Routing/Controller.php:256}() /home/ubuntu/workspace/microposts/vendor/laravel/framework/src/Illuminate/Routing/Controller.php:256
[30-Jul-2017 23:00:29 Asia/Tokyo] PHP  51. App\Http\Controllers\MicropostsController->destroy() /home/ubuntu/workspace/microposts/vendor/laravel/framework/src/Illuminate/Routing/Controller.php:256
[01-Aug-2017 10:10:50 Asia/Tokyo] PHP Fatal error:  Class 'App\Http\Controllers\Micropost' not found in /home/ubuntu/workspace/microposts/app/Http/Controllers/MicropostsController.php on line 93
[01-Aug-2017 10:10:50 Asia/Tokyo] PHP Stack trace:
[01-Aug-2017 10:10:50 Asia/Tokyo] PHP   1. {main}() /home/ubuntu/workspace/microposts/server.php:0
[01-Aug-2017 10:10:50 Asia/Tokyo] PHP   2. require_once() /home/ubuntu/workspace/microposts/server.php:21
[01-Aug-2017 10:10:50 Asia/Tokyo] PHP   3. Illuminate\Foundation\Http\Kernel->handle() /home/ubuntu/workspace/microposts/public/index.php:54
[01-Aug-2017 10:10:50 Asia/Tokyo] PHP   4. Illuminate\Foundation\Http\Kernel->sendRequestThroughRouter() /home/ubuntu/workspace/microposts/vendor/laravel/framework/src/Illuminate/Foundation/Http/Kernel.php:87
[01-Aug-2017 10:10:50 Asia/Tokyo] PHP   5. Illuminate\Pipeline\Pipeline->then() /home/ubuntu/workspace/microposts/vendor/laravel/framework/src/Illuminate/Foundation/Http/Kernel.php:122
[01-Aug-2017 10:10:50 Asia/Tokyo] PHP   6. call_user_func:{/home/ubuntu/workspace/microposts/vendor/laravel/framework/src/Illuminate/Pipeline/Pipeline.php:103}() /home/ubuntu/workspace/microposts/vendor/laravel/framework/src/Illuminate/Pipeline/Pipeline.php:103
[01-Aug-2017 10:10:50 Asia/Tokyo] PHP   7. Illuminate\Pipeline\Pipeline->Illuminate\Pipeline\{closure}() /home/ubuntu/workspace/microposts/vendor/laravel/framework/src/Illuminate/Pipeline/Pipeline.php:103
[01-Aug-2017 10:10:50 Asia/Tokyo] PHP   8. call_user_func_array:{/home/ubuntu/workspace/microposts/vendor/laravel/framework/src/Illuminate/Pipeline/Pipeline.php:124}() /home/ubuntu/workspace/microposts/vendor/laravel/framework/src/Illuminate/Pipeline/Pipeline.php:124
[01-Aug-2017 10:10:50 Asia/Tokyo] PHP   9. Illuminate\Foundation\Http\Middleware\CheckForMaintenanceMode->handle() /home/ubuntu/workspace/microposts/vendor/laravel/framework/src/Illuminate/Pipeline/Pipeline.php:124
[01-Aug-2017 10:10:50 Asia/Tokyo] PHP  10. Illuminate\Pipeline\Pipeline->Illuminate\Pipeline\{closure}() /home/ubuntu/workspace/microposts/vendor/laravel/framework/src/Illuminate/Foundation/Http/Middleware/CheckForMaintenanceMode.php:44
[01-Aug-2017 10:10:50 Asia/Tokyo] PHP  11. call_user_func_array:{/home/ubuntu/workspace/microposts/vendor/laravel/framework/src/Illuminate/Pipeline/Pipeline.php:124}() /home/ubuntu/workspace/microposts/vendor/laravel/framework/src/Illuminate/Pipeline/Pipeline.php:124
[01-Aug-2017 10:10:50 Asia/Tokyo] PHP  12. Illuminate\Cookie\Middleware\EncryptCookies->handle() /home/ubuntu/workspace/microposts/vendor/laravel/framework/src/Illuminate/Pipeline/Pipeline.php:124
[01-Aug-2017 10:10:50 Asia/Tokyo] PHP  13. Illuminate\Pipeline\Pipeline->Illuminate\Pipeline\{closure}() /home/ubuntu/workspace/microposts/vendor/laravel/framework/src/Illuminate/Cookie/Middleware/EncryptCookies.php:59
[01-Aug-2017 10:10:50 Asia/Tokyo] PHP  14. call_user_func_array:{/home/ubuntu/workspace/microposts/vendor/laravel/framework/src/Illuminate/Pipeline/Pipeline.php:124}() /home/ubuntu/workspace/microposts/vendor/laravel/framework/src/Illuminate/Pipeline/Pipeline.php:124
[01-Aug-2017 10:10:50 Asia/Tokyo] PHP  15. Illuminate\Cookie\Middleware\AddQueuedCookiesToResponse->handle() /home/ubuntu/workspace/microposts/vendor/laravel/framework/src/Illuminate/Pipeline/Pipeline.php:124
[01-Aug-2017 10:10:50 Asia/Tokyo] PHP  16. Illuminate\Pipeline\Pipeline->Illuminate\Pipeline\{closure}() /home/ubuntu/workspace/microposts/vendor/laravel/framework/src/Illuminate/Cookie/Middleware/AddQueuedCookiesToResponse.php:37
[01-Aug-2017 10:10:50 Asia/Tokyo] PHP  17. call_user_func_array:{/home/ubuntu/workspace/microposts/vendor/laravel/framework/src/Illuminate/Pipeline/Pipeline.php:124}() /home/ubuntu/workspace/microposts/vendor/laravel/framework/src/Illuminate/Pipeline/Pipeline.php:124
[01-Aug-2017 10:10:50 Asia/Tokyo] PHP  18. Illuminate\Session\Middleware\StartSession->handle() /home/ubuntu/workspace/microposts/vendor/laravel/framework/src/Illuminate/Pipeline/Pipeline.php:124
[01-Aug-2017 10:10:50 Asia/Tokyo] PHP  19. Illuminate\Pipeline\Pipeline->Illuminate\Pipeline\{closure}() /home/ubuntu/workspace/microposts/vendor/laravel/framework/src/Illuminate/Session/Middleware/StartSession.php:62
[01-Aug-2017 10:10:50 Asia/Tokyo] PHP  20. call_user_func_array:{/home/ubuntu/workspace/microposts/vendor/laravel/framework/src/Illuminate/Pipeline/Pipeline.php:124}() /home/ubuntu/workspace/microposts/vendor/laravel/framework/src/Illuminate/Pipeline/Pipeline.php:124
[01-Aug-2017 10:10:50 Asia/Tokyo] PHP  21. Illuminate\View\Middleware\ShareErrorsFromSession->handle() /home/ubuntu/workspace/microposts/vendor/laravel/framework/src/Illuminate/Pipeline/Pipeline.php:124
[01-Aug-2017 10:10:50 Asia/Tokyo] PHP  22. Illuminate\Pipeline\Pipeline->Illuminate\Pipeline\{closure}() /home/ubuntu/workspace/microposts/vendor/laravel/framework/src/Illuminate/View/Middleware/ShareErrorsFromSession.php:49
[01-Aug-2017 10:10:50 Asia/Tokyo] PHP  23. call_user_func_array:{/home/ubuntu/workspace/microposts/vendor/laravel/framework/src/Illuminate/Pipeline/Pipeline.php:124}() /home/ubuntu/workspace/microposts/vendor/laravel/framework/src/Illuminate/Pipeline/Pipeline.php:124
[01-Aug-2017 10:10:50 Asia/Tokyo] PHP  24. Illuminate\Foundation\Http\Middleware\VerifyCsrfToken->handle() /home/ubuntu/workspace/microposts/vendor/laravel/framework/src/Illuminate/Pipeline/Pipeline.php:124
[01-Aug-2017 10:10:50 Asia/Tokyo] PHP  25. Illuminate\Pipeline\Pipeline->Illuminate\Pipeline\{closure}() /home/ubuntu/workspace/microposts/vendor/laravel/framework/src/Illuminate/Foundation/Http/Middleware/VerifyCsrfToken.php:50
[01-Aug-2017 10:10:50 Asia/Tokyo] PHP  26. call_user_func:{/home/ubuntu/workspace/microposts/vendor/laravel/framework/src/Illuminate/Pipeline/Pipeline.php:139}() /home/ubuntu/workspace/microposts/vendor/laravel/framework/src/Illuminate/Pipeline/Pipeline.php:139
[01-Aug-2017 10:10:50 Asia/Tokyo] PHP  27. Illuminate\Foundation\Http\Kernel->Illuminate\Foundation\Http\{closure}() /home/ubuntu/workspace/microposts/vendor/laravel/framework/src/Illuminate/Pipeline/Pipeline.php:139
[01-Aug-2017 10:10:50 Asia/Tokyo] PHP  28. Illuminate\Routing\Router->dispatch() /home/ubuntu/workspace/microposts/vendor/laravel/framework/src/Illuminate/Foundation/Http/Kernel.php:236
[01-Aug-2017 10:10:50 Asia/Tokyo] PHP  29. Illuminate\Routing\Router->dispatchToRoute() /home/ubuntu/workspace/microposts/vendor/laravel/framework/src/Illuminate/Routing/Router.php:635
[01-Aug-2017 10:10:50 Asia/Tokyo] PHP  30. Illuminate\Routing\Router->runRouteWithinStack() /home/ubuntu/workspace/microposts/vendor/laravel/framework/src/Illuminate/Routing/Router.php:675
[01-Aug-2017 10:10:50 Asia/Tokyo] PHP  31. Illuminate\Pipeline\Pipeline->then() /home/ubuntu/workspace/microposts/vendor/laravel/framework/src/Illuminate/Routing/Router.php:710
[01-Aug-2017 10:10:50 Asia/Tokyo] PHP  32. call_user_func:{/home/ubuntu/workspace/microposts/vendor/laravel/framework/src/Illuminate/Pipeline/Pipeline.php:103}() /home/ubuntu/workspace/microposts/vendor/laravel/framework/src/Illuminate/Pipeline/Pipeline.php:103
[01-Aug-2017 10:10:50 Asia/Tokyo] PHP  33. Illuminate\Pipeline\Pipeline->Illuminate\Pipeline\{closure}() /home/ubuntu/workspace/microposts/vendor/laravel/framework/src/Illuminate/Pipeline/Pipeline.php:103
[01-Aug-2017 10:10:50 Asia/Tokyo] PHP  34. call_user_func_array:{/home/ubuntu/workspace/microposts/vendor/laravel/framework/src/Illuminate/Pipeline/Pipeline.php:124}() /home/ubuntu/workspace/microposts/vendor/laravel/framework/src/Illuminate/Pipeline/Pipeline.php:124
[01-Aug-2017 10:10:50 Asia/Tokyo] PHP  35. App\Http\Middleware\Authenticate->handle() /home/ubuntu/workspace/microposts/vendor/laravel/framework/src/Illuminate/Pipeline/Pipeline.php:124
[01-Aug-2017 10:10:50 Asia/Tokyo] PHP  36. Illuminate\Pipeline\Pipeline->Illuminate\Pipeline\{closure}() /home/ubuntu/workspace/microposts/app/Http/Middleware/Authenticate.php:45
[01-Aug-2017 10:10:50 Asia/Tokyo] PHP  37. call_user_func:{/home/ubuntu/workspace/microposts/vendor/laravel/framework/src/Illuminate/Pipeline/Pipeline.php:139}() /home/ubuntu/workspace/microposts/vendor/laravel/framework/src/Illuminate/Pipeline/Pipeline.php:139
[01-Aug-2017 10:10:50 Asia/Tokyo] PHP  38. Illuminate\Routing\Router->Illuminate\Routing\{closure}() /home/ubuntu/workspace/microposts/vendor/laravel/framework/src/Illuminate/Pipeline/Pipeline.php:139
[01-Aug-2017 10:10:50 Asia/Tokyo] PHP  39. Illuminate\Routing\Route->run() /home/ubuntu/workspace/microposts/vendor/laravel/framework/src/Illuminate/Routing/Router.php:708
[01-Aug-2017 10:10:50 Asia/Tokyo] PHP  40. Illuminate\Routing\Route->runWithCustomDispatcher() /home/ubuntu/workspace/microposts/vendor/laravel/framework/src/Illuminate/Routing/Route.php:134
[01-Aug-2017 10:10:50 Asia/Tokyo] PHP  41. Illuminate\Routing\ControllerDispatcher->dispatch() /home/ubuntu/workspace/microposts/vendor/laravel/framework/src/Illuminate/Routing/Route.php:203
[01-Aug-2017 10:10:50 Asia/Tokyo] PHP  42. Illuminate\Routing\ControllerDispatcher->callWithinStack() /home/ubuntu/workspace/microposts/vendor/laravel/framework/src/Illuminate/Routing/ControllerDispatcher.php:69
[01-Aug-2017 10:10:50 Asia/Tokyo] PHP  43. Illuminate\Pipeline\Pipeline->then() /home/ubuntu/workspace/microposts/vendor/laravel/framework/src/Illuminate/Routing/ControllerDispatcher.php:114
[01-Aug-2017 10:10:50 Asia/Tokyo] PHP  44. call_user_func:{/home/ubuntu/workspace/microposts/vendor/laravel/framework/src/Illuminate/Pipeline/Pipeline.php:103}() /home/ubuntu/workspace/microposts/vendor/laravel/framework/src/Illuminate/Pipeline/Pipeline.php:103
[01-Aug-2017 10:10:50 Asia/Tokyo] PHP  45. Illuminate\Pipeline\Pipeline->Illuminate\Pipeline\{closure}() /home/ubuntu/workspace/microposts/vendor/laravel/framework/src/Illuminate/Pipeline/Pipeline.php:103
[01-Aug-2017 10:10:50 Asia/Tokyo] PHP  46. call_user_func:{/home/ubuntu/workspace/microposts/vendor/laravel/framework/src/Illuminate/Pipeline/Pipeline.php:139}() /home/ubuntu/workspace/microposts/vendor/laravel/framework/src/Illuminate/Pipeline/Pipeline.php:139
[01-Aug-2017 10:10:50 Asia/Tokyo] PHP  47. Illuminate\Routing\ControllerDispatcher->Illuminate\Routing\{closure}() /home/ubuntu/workspace/microposts/vendor/laravel/framework/src/Illuminate/Pipeline/Pipeline.php:139
[01-Aug-2017 10:10:50 Asia/Tokyo] PHP  48. Illuminate\Routing\ControllerDispatcher->call() /home/ubuntu/workspace/microposts/vendor/laravel/framework/src/Illuminate/Routing/ControllerDispatcher.php:112
[01-Aug-2017 10:10:50 Asia/Tokyo] PHP  49. Illuminate\Routing\Controller->callAction() /home/ubuntu/workspace/microposts/vendor/laravel/framework/src/Illuminate/Routing/ControllerDispatcher.php:164
[01-Aug-2017 10:10:50 Asia/Tokyo] PHP  50. call_user_func_array:{/home/ubuntu/workspace/microposts/vendor/laravel/framework/src/Illuminate/Routing/Controller.php:256}() /home/ubuntu/workspace/microposts/vendor/laravel/framework/src/Illuminate/Routing/Controller.php:256
[01-Aug-2017 10:10:50 Asia/Tokyo] PHP  51. App\Http\Controllers\MicropostsController->destroy() /home/ubuntu/workspace/microposts/vendor/laravel/framework/src/Illuminate/Routing/Controller.php:256
[01-Aug-2017 10:12:19 Asia/Tokyo] PHP Fatal error:  Class 'App\Http\Controllers\Micropost' not found in /home/ubuntu/workspace/microposts/app/Http/Controllers/MicropostsController.php on line 93
[01-Aug-2017 10:12:19 Asia/Tokyo] PHP Stack trace:
[01-Aug-2017 10:12:19 Asia/Tokyo] PHP   1. {main}() /home/ubuntu/workspace/microposts/server.php:0
[01-Aug-2017 10:12:19 Asia/Tokyo] PHP   2. require_once() /home/ubuntu/workspace/microposts/server.php:21
[01-Aug-2017 10:12:19 Asia/Tokyo] PHP   3. Illuminate\Foundation\Http\Kernel->handle() /home/ubuntu/workspace/microposts/public/index.php:54
[01-Aug-2017 10:12:19 Asia/Tokyo] PHP   4. Illuminate\Foundation\Http\Kernel->sendRequestThroughRouter() /home/ubuntu/workspace/microposts/vendor/laravel/framework/src/Illuminate/Foundation/Http/Kernel.php:87
[01-Aug-2017 10:12:19 Asia/Tokyo] PHP   5. Illuminate\Pipeline\Pipeline->then() /home/ubuntu/workspace/microposts/vendor/laravel/framework/src/Illuminate/Foundation/Http/Kernel.php:122
[01-Aug-2017 10:12:19 Asia/Tokyo] PHP   6. call_user_func:{/home/ubuntu/workspace/microposts/vendor/laravel/framework/src/Illuminate/Pipeline/Pipeline.php:103}() /home/ubuntu/workspace/microposts/vendor/laravel/framework/src/Illuminate/Pipeline/Pipeline.php:103
[01-Aug-2017 10:12:19 Asia/Tokyo] PHP   7. Illuminate\Pipeline\Pipeline->Illuminate\Pipeline\{closure}() /home/ubuntu/workspace/microposts/vendor/laravel/framework/src/Illuminate/Pipeline/Pipeline.php:103
[01-Aug-2017 10:12:19 Asia/Tokyo] PHP   8. call_user_func_array:{/home/ubuntu/workspace/microposts/vendor/laravel/framework/src/Illuminate/Pipeline/Pipeline.php:124}() /home/ubuntu/workspace/microposts/vendor/laravel/framework/src/Illuminate/Pipeline/Pipeline.php:124
[01-Aug-2017 10:12:19 Asia/Tokyo] PHP   9. Illuminate\Foundation\Http\Middleware\CheckForMaintenanceMode->handle() /home/ubuntu/workspace/microposts/vendor/laravel/framework/src/Illuminate/Pipeline/Pipeline.php:124
[01-Aug-2017 10:12:19 Asia/Tokyo] PHP  10. Illuminate\Pipeline\Pipeline->Illuminate\Pipeline\{closure}() /home/ubuntu/workspace/microposts/vendor/laravel/framework/src/Illuminate/Foundation/Http/Middleware/CheckForMaintenanceMode.php:44
[01-Aug-2017 10:12:19 Asia/Tokyo] PHP  11. call_user_func_array:{/home/ubuntu/workspace/microposts/vendor/laravel/framework/src/Illuminate/Pipeline/Pipeline.php:124}() /home/ubuntu/workspace/microposts/vendor/laravel/framework/src/Illuminate/Pipeline/Pipeline.php:124
[01-Aug-2017 10:12:19 Asia/Tokyo] PHP  12. Illuminate\Cookie\Middleware\EncryptCookies->handle() /home/ubuntu/workspace/microposts/vendor/laravel/framework/src/Illuminate/Pipeline/Pipeline.php:124
[01-Aug-2017 10:12:19 Asia/Tokyo] PHP  13. Illuminate\Pipeline\Pipeline->Illuminate\Pipeline\{closure}() /home/ubuntu/workspace/microposts/vendor/laravel/framework/src/Illuminate/Cookie/Middleware/EncryptCookies.php:59
[01-Aug-2017 10:12:19 Asia/Tokyo] PHP  14. call_user_func_array:{/home/ubuntu/workspace/microposts/vendor/laravel/framework/src/Illuminate/Pipeline/Pipeline.php:124}() /home/ubuntu/workspace/microposts/vendor/laravel/framework/src/Illuminate/Pipeline/Pipeline.php:124
[01-Aug-2017 10:12:19 Asia/Tokyo] PHP  15. Illuminate\Cookie\Middleware\AddQueuedCookiesToResponse->handle() /home/ubuntu/workspace/microposts/vendor/laravel/framework/src/Illuminate/Pipeline/Pipeline.php:124
[01-Aug-2017 10:12:19 Asia/Tokyo] PHP  16. Illuminate\Pipeline\Pipeline->Illuminate\Pipeline\{closure}() /home/ubuntu/workspace/microposts/vendor/laravel/framework/src/Illuminate/Cookie/Middleware/AddQueuedCookiesToResponse.php:37
[01-Aug-2017 10:12:19 Asia/Tokyo] PHP  17. call_user_func_array:{/home/ubuntu/workspace/microposts/vendor/laravel/framework/src/Illuminate/Pipeline/Pipeline.php:124}() /home/ubuntu/workspace/microposts/vendor/laravel/framework/src/Illuminate/Pipeline/Pipeline.php:124
[01-Aug-2017 10:12:19 Asia/Tokyo] PHP  18. Illuminate\Session\Middleware\StartSession->handle() /home/ubuntu/workspace/microposts/vendor/laravel/framework/src/Illuminate/Pipeline/Pipeline.php:124
[01-Aug-2017 10:12:19 Asia/Tokyo] PHP  19. Illuminate\Pipeline\Pipeline->Illuminate\Pipeline\{closure}() /home/ubuntu/workspace/microposts/vendor/laravel/framework/src/Illuminate/Session/Middleware/StartSession.php:62
[01-Aug-2017 10:12:19 Asia/Tokyo] PHP  20. call_user_func_array:{/home/ubuntu/workspace/microposts/vendor/laravel/framework/src/Illuminate/Pipeline/Pipeline.php:124}() /home/ubuntu/workspace/microposts/vendor/laravel/framework/src/Illuminate/Pipeline/Pipeline.php:124
[01-Aug-2017 10:12:19 Asia/Tokyo] PHP  21. Illuminate\View\Middleware\ShareErrorsFromSession->handle() /home/ubuntu/workspace/microposts/vendor/laravel/framework/src/Illuminate/Pipeline/Pipeline.php:124
[01-Aug-2017 10:12:19 Asia/Tokyo] PHP  22. Illuminate\Pipeline\Pipeline->Illuminate\Pipeline\{closure}() /home/ubuntu/workspace/microposts/vendor/laravel/framework/src/Illuminate/View/Middleware/ShareErrorsFromSession.php:49
[01-Aug-2017 10:12:19 Asia/Tokyo] PHP  23. call_user_func_array:{/home/ubuntu/workspace/microposts/vendor/laravel/framework/src/Illuminate/Pipeline/Pipeline.php:124}() /home/ubuntu/workspace/microposts/vendor/laravel/framework/src/Illuminate/Pipeline/Pipeline.php:124
[01-Aug-2017 10:12:19 Asia/Tokyo] PHP  24. Illuminate\Foundation\Http\Middleware\VerifyCsrfToken->handle() /home/ubuntu/workspace/microposts/vendor/laravel/framework/src/Illuminate/Pipeline/Pipeline.php:124
[01-Aug-2017 10:12:19 Asia/Tokyo] PHP  25. Illuminate\Pipeline\Pipeline->Illuminate\Pipeline\{closure}() /home/ubuntu/workspace/microposts/vendor/laravel/framework/src/Illuminate/Foundation/Http/Middleware/VerifyCsrfToken.php:50
[01-Aug-2017 10:12:19 Asia/Tokyo] PHP  26. call_user_func:{/home/ubuntu/workspace/microposts/vendor/laravel/framework/src/Illuminate/Pipeline/Pipeline.php:139}() /home/ubuntu/workspace/microposts/vendor/laravel/framework/src/Illuminate/Pipeline/Pipeline.php:139
[01-Aug-2017 10:12:19 Asia/Tokyo] PHP  27. Illuminate\Foundation\Http\Kernel->Illuminate\Foundation\Http\{closure}() /home/ubuntu/workspace/microposts/vendor/laravel/framework/src/Illuminate/Pipeline/Pipeline.php:139
[01-Aug-2017 10:12:19 Asia/Tokyo] PHP  28. Illuminate\Routing\Router->dispatch() /home/ubuntu/workspace/microposts/vendor/laravel/framework/src/Illuminate/Foundation/Http/Kernel.php:236
[01-Aug-2017 10:12:19 Asia/Tokyo] PHP  29. Illuminate\Routing\Router->dispatchToRoute() /home/ubuntu/workspace/microposts/vendor/laravel/framework/src/Illuminate/Routing/Router.php:635
[01-Aug-2017 10:12:19 Asia/Tokyo] PHP  30. Illuminate\Routing\Router->runRouteWithinStack() /home/ubuntu/workspace/microposts/vendor/laravel/framework/src/Illuminate/Routing/Router.php:675
[01-Aug-2017 10:12:19 Asia/Tokyo] PHP  31. Illuminate\Pipeline\Pipeline->then() /home/ubuntu/workspace/microposts/vendor/laravel/framework/src/Illuminate/Routing/Router.php:710
[01-Aug-2017 10:12:19 Asia/Tokyo] PHP  32. call_user_func:{/home/ubuntu/workspace/microposts/vendor/laravel/framework/src/Illuminate/Pipeline/Pipeline.php:103}() /home/ubuntu/workspace/microposts/vendor/laravel/framework/src/Illuminate/Pipeline/Pipeline.php:103
[01-Aug-2017 10:12:19 Asia/Tokyo] PHP  33. Illuminate\Pipeline\Pipeline->Illuminate\Pipeline\{closure}() /home/ubuntu/workspace/microposts/vendor/laravel/framework/src/Illuminate/Pipeline/Pipeline.php:103
[01-Aug-2017 10:12:19 Asia/Tokyo] PHP  34. call_user_func_array:{/home/ubuntu/workspace/microposts/vendor/laravel/framework/src/Illuminate/Pipeline/Pipeline.php:124}() /home/ubuntu/workspace/microposts/vendor/laravel/framework/src/Illuminate/Pipeline/Pipeline.php:124
[01-Aug-2017 10:12:19 Asia/Tokyo] PHP  35. App\Http\Middleware\Authenticate->handle() /home/ubuntu/workspace/microposts/vendor/laravel/framework/src/Illuminate/Pipeline/Pipeline.php:124
[01-Aug-2017 10:12:19 Asia/Tokyo] PHP  36. Illuminate\Pipeline\Pipeline->Illuminate\Pipeline\{closure}() /home/ubuntu/workspace/microposts/app/Http/Middleware/Authenticate.php:45
[01-Aug-2017 10:12:19 Asia/Tokyo] PHP  37. call_user_func:{/home/ubuntu/workspace/microposts/vendor/laravel/framework/src/Illuminate/Pipeline/Pipeline.php:139}() /home/ubuntu/workspace/microposts/vendor/laravel/framework/src/Illuminate/Pipeline/Pipeline.php:139
[01-Aug-2017 10:12:19 Asia/Tokyo] PHP  38. Illuminate\Routing\Router->Illuminate\Routing\{closure}() /home/ubuntu/workspace/microposts/vendor/laravel/framework/src/Illuminate/Pipeline/Pipeline.php:139
[01-Aug-2017 10:12:19 Asia/Tokyo] PHP  39. Illuminate\Routing\Route->run() /home/ubuntu/workspace/microposts/vendor/laravel/framework/src/Illuminate/Routing/Router.php:708
[01-Aug-2017 10:12:19 Asia/Tokyo] PHP  40. Illuminate\Routing\Route->runWithCustomDispatcher() /home/ubuntu/workspace/microposts/vendor/laravel/framework/src/Illuminate/Routing/Route.php:134
[01-Aug-2017 10:12:19 Asia/Tokyo] PHP  41. Illuminate\Routing\ControllerDispatcher->dispatch() /home/ubuntu/workspace/microposts/vendor/laravel/framework/src/Illuminate/Routing/Route.php:203
[01-Aug-2017 10:12:19 Asia/Tokyo] PHP  42. Illuminate\Routing\ControllerDispatcher->callWithinStack() /home/ubuntu/workspace/microposts/vendor/laravel/framework/src/Illuminate/Routing/ControllerDispatcher.php:69
[01-Aug-2017 10:12:19 Asia/Tokyo] PHP  43. Illuminate\Pipeline\Pipeline->then() /home/ubuntu/workspace/microposts/vendor/laravel/framework/src/Illuminate/Routing/ControllerDispatcher.php:114
[01-Aug-2017 10:12:19 Asia/Tokyo] PHP  44. call_user_func:{/home/ubuntu/workspace/microposts/vendor/laravel/framework/src/Illuminate/Pipeline/Pipeline.php:103}() /home/ubuntu/workspace/microposts/vendor/laravel/framework/src/Illuminate/Pipeline/Pipeline.php:103
[01-Aug-2017 10:12:19 Asia/Tokyo] PHP  45. Illuminate\Pipeline\Pipeline->Illuminate\Pipeline\{closure}() /home/ubuntu/workspace/microposts/vendor/laravel/framework/src/Illuminate/Pipeline/Pipeline.php:103
[01-Aug-2017 10:12:19 Asia/Tokyo] PHP  46. call_user_func:{/home/ubuntu/workspace/microposts/vendor/laravel/framework/src/Illuminate/Pipeline/Pipeline.php:139}() /home/ubuntu/workspace/microposts/vendor/laravel/framework/src/Illuminate/Pipeline/Pipeline.php:139
[01-Aug-2017 10:12:19 Asia/Tokyo] PHP  47. Illuminate\Routing\ControllerDispatcher->Illuminate\Routing\{closure}() /home/ubuntu/workspace/microposts/vendor/laravel/framework/src/Illuminate/Pipeline/Pipeline.php:139
[01-Aug-2017 10:12:19 Asia/Tokyo] PHP  48. Illuminate\Routing\ControllerDispatcher->call() /home/ubuntu/workspace/microposts/vendor/laravel/framework/src/Illuminate/Routing/ControllerDispatcher.php:112
[01-Aug-2017 10:12:19 Asia/Tokyo] PHP  49. Illuminate\Routing\Controller->callAction() /home/ubuntu/workspace/microposts/vendor/laravel/framework/src/Illuminate/Routing/ControllerDispatcher.php:164
[01-Aug-2017 10:12:19 Asia/Tokyo] PHP  50. call_user_func_array:{/home/ubuntu/workspace/microposts/vendor/laravel/framework/src/Illuminate/Routing/Controller.php:256}() /home/ubuntu/workspace/microposts/vendor/laravel/framework/src/Illuminate/Routing/Controller.php:256
[01-Aug-2017 10:12:19 Asia/Tokyo] PHP  51. App\Http\Controllers\MicropostsController->destroy() /home/ubuntu/workspace/microposts/vendor/laravel/framework/src/Illuminate/Routing/Controller.php:256
[01-Aug-2017 10:15:06 Asia/Tokyo] PHP Fatal error:  Class 'App\Http\Controllers\App\Micropost' not found in /home/ubuntu/workspace/microposts/app/Http/Controllers/MicropostsController.php on line 93
[01-Aug-2017 10:15:06 Asia/Tokyo] PHP Stack trace:
[01-Aug-2017 10:15:06 Asia/Tokyo] PHP   1. {main}() /home/ubuntu/workspace/microposts/server.php:0
[01-Aug-2017 10:15:06 Asia/Tokyo] PHP   2. require_once() /home/ubuntu/workspace/microposts/server.php:21
[01-Aug-2017 10:15:06 Asia/Tokyo] PHP   3. Illuminate\Foundation\Http\Kernel->handle() /home/ubuntu/workspace/microposts/public/index.php:54
[01-Aug-2017 10:15:06 Asia/Tokyo] PHP   4. Illuminate\Foundation\Http\Kernel->sendRequestThroughRouter() /home/ubuntu/workspace/microposts/vendor/laravel/framework/src/Illuminate/Foundation/Http/Kernel.php:87
[01-Aug-2017 10:15:06 Asia/Tokyo] PHP   5. Illuminate\Pipeline\Pipeline->then() /home/ubuntu/workspace/microposts/vendor/laravel/framework/src/Illuminate/Foundation/Http/Kernel.php:122
[01-Aug-2017 10:15:06 Asia/Tokyo] PHP   6. call_user_func:{/home/ubuntu/workspace/microposts/vendor/laravel/framework/src/Illuminate/Pipeline/Pipeline.php:103}() /home/ubuntu/workspace/microposts/vendor/laravel/framework/src/Illuminate/Pipeline/Pipeline.php:103
[01-Aug-2017 10:15:06 Asia/Tokyo] PHP   7. Illuminate\Pipeline\Pipeline->Illuminate\Pipeline\{closure}() /home/ubuntu/workspace/microposts/vendor/laravel/framework/src/Illuminate/Pipeline/Pipeline.php:103
[01-Aug-2017 10:15:06 Asia/Tokyo] PHP   8. call_user_func_array:{/home/ubuntu/workspace/microposts/vendor/laravel/framework/src/Illuminate/Pipeline/Pipeline.php:124}() /home/ubuntu/workspace/microposts/vendor/laravel/framework/src/Illuminate/Pipeline/Pipeline.php:124
[01-Aug-2017 10:15:06 Asia/Tokyo] PHP   9. Illuminate\Foundation\Http\Middleware\CheckForMaintenanceMode->handle() /home/ubuntu/workspace/microposts/vendor/laravel/framework/src/Illuminate/Pipeline/Pipeline.php:124
[01-Aug-2017 10:15:06 Asia/Tokyo] PHP  10. Illuminate\Pipeline\Pipeline->Illuminate\Pipeline\{closure}() /home/ubuntu/workspace/microposts/vendor/laravel/framework/src/Illuminate/Foundation/Http/Middleware/CheckForMaintenanceMode.php:44
[01-Aug-2017 10:15:06 Asia/Tokyo] PHP  11. call_user_func_array:{/home/ubuntu/workspace/microposts/vendor/laravel/framework/src/Illuminate/Pipeline/Pipeline.php:124}() /home/ubuntu/workspace/microposts/vendor/laravel/framework/src/Illuminate/Pipeline/Pipeline.php:124
[01-Aug-2017 10:15:06 Asia/Tokyo] PHP  12. Illuminate\Cookie\Middleware\EncryptCookies->handle() /home/ubuntu/workspace/microposts/vendor/laravel/framework/src/Illuminate/Pipeline/Pipeline.php:124
[01-Aug-2017 10:15:06 Asia/Tokyo] PHP  13. Illuminate\Pipeline\Pipeline->Illuminate\Pipeline\{closure}() /home/ubuntu/workspace/microposts/vendor/laravel/framework/src/Illuminate/Cookie/Middleware/EncryptCookies.php:59
[01-Aug-2017 10:15:06 Asia/Tokyo] PHP  14. call_user_func_array:{/home/ubuntu/workspace/microposts/vendor/laravel/framework/src/Illuminate/Pipeline/Pipeline.php:124}() /home/ubuntu/workspace/microposts/vendor/laravel/framework/src/Illuminate/Pipeline/Pipeline.php:124
[01-Aug-2017 10:15:06 Asia/Tokyo] PHP  15. Illuminate\Cookie\Middleware\AddQueuedCookiesToResponse->handle() /home/ubuntu/workspace/microposts/vendor/laravel/framework/src/Illuminate/Pipeline/Pipeline.php:124
[01-Aug-2017 10:15:06 Asia/Tokyo] PHP  16. Illuminate\Pipeline\Pipeline->Illuminate\Pipeline\{closure}() /home/ubuntu/workspace/microposts/vendor/laravel/framework/src/Illuminate/Cookie/Middleware/AddQueuedCookiesToResponse.php:37
[01-Aug-2017 10:15:06 Asia/Tokyo] PHP  17. call_user_func_array:{/home/ubuntu/workspace/microposts/vendor/laravel/framework/src/Illuminate/Pipeline/Pipeline.php:124}() /home/ubuntu/workspace/microposts/vendor/laravel/framework/src/Illuminate/Pipeline/Pipeline.php:124
[01-Aug-2017 10:15:06 Asia/Tokyo] PHP  18. Illuminate\Session\Middleware\StartSession->handle() /home/ubuntu/workspace/microposts/vendor/laravel/framework/src/Illuminate/Pipeline/Pipeline.php:124
[01-Aug-2017 10:15:06 Asia/Tokyo] PHP  19. Illuminate\Pipeline\Pipeline->Illuminate\Pipeline\{closure}() /home/ubuntu/workspace/microposts/vendor/laravel/framework/src/Illuminate/Session/Middleware/StartSession.php:62
[01-Aug-2017 10:15:06 Asia/Tokyo] PHP  20. call_user_func_array:{/home/ubuntu/workspace/microposts/vendor/laravel/framework/src/Illuminate/Pipeline/Pipeline.php:124}() /home/ubuntu/workspace/microposts/vendor/laravel/framework/src/Illuminate/Pipeline/Pipeline.php:124
[01-Aug-2017 10:15:06 Asia/Tokyo] PHP  21. Illuminate\View\Middleware\ShareErrorsFromSession->handle() /home/ubuntu/workspace/microposts/vendor/laravel/framework/src/Illuminate/Pipeline/Pipeline.php:124
[01-Aug-2017 10:15:06 Asia/Tokyo] PHP  22. Illuminate\Pipeline\Pipeline->Illuminate\Pipeline\{closure}() /home/ubuntu/workspace/microposts/vendor/laravel/framework/src/Illuminate/View/Middleware/ShareErrorsFromSession.php:49
[01-Aug-2017 10:15:06 Asia/Tokyo] PHP  23. call_user_func_array:{/home/ubuntu/workspace/microposts/vendor/laravel/framework/src/Illuminate/Pipeline/Pipeline.php:124}() /home/ubuntu/workspace/microposts/vendor/laravel/framework/src/Illuminate/Pipeline/Pipeline.php:124
[01-Aug-2017 10:15:06 Asia/Tokyo] PHP  24. Illuminate\Foundation\Http\Middleware\VerifyCsrfToken->handle() /home/ubuntu/workspace/microposts/vendor/laravel/framework/src/Illuminate/Pipeline/Pipeline.php:124
[01-Aug-2017 10:15:06 Asia/Tokyo] PHP  25. Illuminate\Pipeline\Pipeline->Illuminate\Pipeline\{closure}() /home/ubuntu/workspace/microposts/vendor/laravel/framework/src/Illuminate/Foundation/Http/Middleware/VerifyCsrfToken.php:50
[01-Aug-2017 10:15:06 Asia/Tokyo] PHP  26. call_user_func:{/home/ubuntu/workspace/microposts/vendor/laravel/framework/src/Illuminate/Pipeline/Pipeline.php:139}() /home/ubuntu/workspace/microposts/vendor/laravel/framework/src/Illuminate/Pipeline/Pipeline.php:139
[01-Aug-2017 10:15:06 Asia/Tokyo] PHP  27. Illuminate\Foundation\Http\Kernel->Illuminate\Foundation\Http\{closure}() /home/ubuntu/workspace/microposts/vendor/laravel/framework/src/Illuminate/Pipeline/Pipeline.php:139
[01-Aug-2017 10:15:06 Asia/Tokyo] PHP  28. Illuminate\Routing\Router->dispatch() /home/ubuntu/workspace/microposts/vendor/laravel/framework/src/Illuminate/Foundation/Http/Kernel.php:236
[01-Aug-2017 10:15:06 Asia/Tokyo] PHP  29. Illuminate\Routing\Router->dispatchToRoute() /home/ubuntu/workspace/microposts/vendor/laravel/framework/src/Illuminate/Routing/Router.php:635
[01-Aug-2017 10:15:06 Asia/Tokyo] PHP  30. Illuminate\Routing\Router->runRouteWithinStack() /home/ubuntu/workspace/microposts/vendor/laravel/framework/src/Illuminate/Routing/Router.php:675
[01-Aug-2017 10:15:06 Asia/Tokyo] PHP  31. Illuminate\Pipeline\Pipeline->then() /home/ubuntu/workspace/microposts/vendor/laravel/framework/src/Illuminate/Routing/Router.php:710
[01-Aug-2017 10:15:06 Asia/Tokyo] PHP  32. call_user_func:{/home/ubuntu/workspace/microposts/vendor/laravel/framework/src/Illuminate/Pipeline/Pipeline.php:103}() /home/ubuntu/workspace/microposts/vendor/laravel/framework/src/Illuminate/Pipeline/Pipeline.php:103
[01-Aug-2017 10:15:06 Asia/Tokyo] PHP  33. Illuminate\Pipeline\Pipeline->Illuminate\Pipeline\{closure}() /home/ubuntu/workspace/microposts/vendor/laravel/framework/src/Illuminate/Pipeline/Pipeline.php:103
[01-Aug-2017 10:15:06 Asia/Tokyo] PHP  34. call_user_func_array:{/home/ubuntu/workspace/microposts/vendor/laravel/framework/src/Illuminate/Pipeline/Pipeline.php:124}() /home/ubuntu/workspace/microposts/vendor/laravel/framework/src/Illuminate/Pipeline/Pipeline.php:124
[01-Aug-2017 10:15:06 Asia/Tokyo] PHP  35. App\Http\Middleware\Authenticate->handle() /home/ubuntu/workspace/microposts/vendor/laravel/framework/src/Illuminate/Pipeline/Pipeline.php:124
[01-Aug-2017 10:15:06 Asia/Tokyo] PHP  36. Illuminate\Pipeline\Pipeline->Illuminate\Pipeline\{closure}() /home/ubuntu/workspace/microposts/app/Http/Middleware/Authenticate.php:45
[01-Aug-2017 10:15:06 Asia/Tokyo] PHP  37. call_user_func:{/home/ubuntu/workspace/microposts/vendor/laravel/framework/src/Illuminate/Pipeline/Pipeline.php:139}() /home/ubuntu/workspace/microposts/vendor/laravel/framework/src/Illuminate/Pipeline/Pipeline.php:139
[01-Aug-2017 10:15:06 Asia/Tokyo] PHP  38. Illuminate\Routing\Router->Illuminate\Routing\{closure}() /home/ubuntu/workspace/microposts/vendor/laravel/framework/src/Illuminate/Pipeline/Pipeline.php:139
[01-Aug-2017 10:15:06 Asia/Tokyo] PHP  39. Illuminate\Routing\Route->run() /home/ubuntu/workspace/microposts/vendor/laravel/framework/src/Illuminate/Routing/Router.php:708
[01-Aug-2017 10:15:06 Asia/Tokyo] PHP  40. Illuminate\Routing\Route->runWithCustomDispatcher() /home/ubuntu/workspace/microposts/vendor/laravel/framework/src/Illuminate/Routing/Route.php:134
[01-Aug-2017 10:15:06 Asia/Tokyo] PHP  41. Illuminate\Routing\ControllerDispatcher->dispatch() /home/ubuntu/workspace/microposts/vendor/laravel/framework/src/Illuminate/Routing/Route.php:203
[01-Aug-2017 10:15:06 Asia/Tokyo] PHP  42. Illuminate\Routing\ControllerDispatcher->callWithinStack() /home/ubuntu/workspace/microposts/vendor/laravel/framework/src/Illuminate/Routing/ControllerDispatcher.php:69
[01-Aug-2017 10:15:06 Asia/Tokyo] PHP  43. Illuminate\Pipeline\Pipeline->then() /home/ubuntu/workspace/microposts/vendor/laravel/framework/src/Illuminate/Routing/ControllerDispatcher.php:114
[01-Aug-2017 10:15:06 Asia/Tokyo] PHP  44. call_user_func:{/home/ubuntu/workspace/microposts/vendor/laravel/framework/src/Illuminate/Pipeline/Pipeline.php:103}() /home/ubuntu/workspace/microposts/vendor/laravel/framework/src/Illuminate/Pipeline/Pipeline.php:103
[01-Aug-2017 10:15:06 Asia/Tokyo] PHP  45. Illuminate\Pipeline\Pipeline->Illuminate\Pipeline\{closure}() /home/ubuntu/workspace/microposts/vendor/laravel/framework/src/Illuminate/Pipeline/Pipeline.php:103
[01-Aug-2017 10:15:06 Asia/Tokyo] PHP  46. call_user_func:{/home/ubuntu/workspace/microposts/vendor/laravel/framework/src/Illuminate/Pipeline/Pipeline.php:139}() /home/ubuntu/workspace/microposts/vendor/laravel/framework/src/Illuminate/Pipeline/Pipeline.php:139
[01-Aug-2017 10:15:06 Asia/Tokyo] PHP  47. Illuminate\Routing\ControllerDispatcher->Illuminate\Routing\{closure}() /home/ubuntu/workspace/microposts/vendor/laravel/framework/src/Illuminate/Pipeline/Pipeline.php:139
[01-Aug-2017 10:15:06 Asia/Tokyo] PHP  48. Illuminate\Routing\ControllerDispatcher->call() /home/ubuntu/workspace/microposts/vendor/laravel/framework/src/Illuminate/Routing/ControllerDispatcher.php:112
[01-Aug-2017 10:15:06 Asia/Tokyo] PHP  49. Illuminate\Routing\Controller->callAction() /home/ubuntu/workspace/microposts/vendor/laravel/framework/src/Illuminate/Routing/ControllerDispatcher.php:164
[01-Aug-2017 10:15:06 Asia/Tokyo] PHP  50. call_user_func_array:{/home/ubuntu/workspace/microposts/vendor/laravel/framework/src/Illuminate/Routing/Controller.php:256}() /home/ubuntu/workspace/microposts/vendor/laravel/framework/src/Illuminate/Routing/Controller.php:256
[01-Aug-2017 10:15:06 Asia/Tokyo] PHP  51. App\Http\Controllers\MicropostsController->destroy() /home/ubuntu/workspace/microposts/vendor/laravel/framework/src/Illuminate/Routing/Controller.php:256
[01-Aug-2017 10:16:27 Asia/Tokyo] PHP Fatal error:  Class 'App\Http\Controllers\App\Micropost' not found in /home/ubuntu/workspace/microposts/app/Http/Controllers/MicropostsController.php on line 93
[01-Aug-2017 10:16:27 Asia/Tokyo] PHP Stack trace:
[01-Aug-2017 10:16:27 Asia/Tokyo] PHP   1. {main}() /home/ubuntu/workspace/microposts/server.php:0
[01-Aug-2017 10:16:27 Asia/Tokyo] PHP   2. require_once() /home/ubuntu/workspace/microposts/server.php:21
[01-Aug-2017 10:16:27 Asia/Tokyo] PHP   3. Illuminate\Foundation\Http\Kernel->handle() /home/ubuntu/workspace/microposts/public/index.php:54
[01-Aug-2017 10:16:27 Asia/Tokyo] PHP   4. Illuminate\Foundation\Http\Kernel->sendRequestThroughRouter() /home/ubuntu/workspace/microposts/vendor/laravel/framework/src/Illuminate/Foundation/Http/Kernel.php:87
[01-Aug-2017 10:16:27 Asia/Tokyo] PHP   5. Illuminate\Pipeline\Pipeline->then() /home/ubuntu/workspace/microposts/vendor/laravel/framework/src/Illuminate/Foundation/Http/Kernel.php:122
[01-Aug-2017 10:16:27 Asia/Tokyo] PHP   6. call_user_func:{/home/ubuntu/workspace/microposts/vendor/laravel/framework/src/Illuminate/Pipeline/Pipeline.php:103}() /home/ubuntu/workspace/microposts/vendor/laravel/framework/src/Illuminate/Pipeline/Pipeline.php:103
[01-Aug-2017 10:16:27 Asia/Tokyo] PHP   7. Illuminate\Pipeline\Pipeline->Illuminate\Pipeline\{closure}() /home/ubuntu/workspace/microposts/vendor/laravel/framework/src/Illuminate/Pipeline/Pipeline.php:103
[01-Aug-2017 10:16:27 Asia/Tokyo] PHP   8. call_user_func_array:{/home/ubuntu/workspace/microposts/vendor/laravel/framework/src/Illuminate/Pipeline/Pipeline.php:124}() /home/ubuntu/workspace/microposts/vendor/laravel/framework/src/Illuminate/Pipeline/Pipeline.php:124
[01-Aug-2017 10:16:27 Asia/Tokyo] PHP   9. Illuminate\Foundation\Http\Middleware\CheckForMaintenanceMode->handle() /home/ubuntu/workspace/microposts/vendor/laravel/framework/src/Illuminate/Pipeline/Pipeline.php:124
[01-Aug-2017 10:16:27 Asia/Tokyo] PHP  10. Illuminate\Pipeline\Pipeline->Illuminate\Pipeline\{closure}() /home/ubuntu/workspace/microposts/vendor/laravel/framework/src/Illuminate/Foundation/Http/Middleware/CheckForMaintenanceMode.php:44
[01-Aug-2017 10:16:27 Asia/Tokyo] PHP  11. call_user_func_array:{/home/ubuntu/workspace/microposts/vendor/laravel/framework/src/Illuminate/Pipeline/Pipeline.php:124}() /home/ubuntu/workspace/microposts/vendor/laravel/framework/src/Illuminate/Pipeline/Pipeline.php:124
[01-Aug-2017 10:16:27 Asia/Tokyo] PHP  12. Illuminate\Cookie\Middleware\EncryptCookies->handle() /home/ubuntu/workspace/microposts/vendor/laravel/framework/src/Illuminate/Pipeline/Pipeline.php:124
[01-Aug-2017 10:16:27 Asia/Tokyo] PHP  13. Illuminate\Pipeline\Pipeline->Illuminate\Pipeline\{closure}() /home/ubuntu/workspace/microposts/vendor/laravel/framework/src/Illuminate/Cookie/Middleware/EncryptCookies.php:59
[01-Aug-2017 10:16:27 Asia/Tokyo] PHP  14. call_user_func_array:{/home/ubuntu/workspace/microposts/vendor/laravel/framework/src/Illuminate/Pipeline/Pipeline.php:124}() /home/ubuntu/workspace/microposts/vendor/laravel/framework/src/Illuminate/Pipeline/Pipeline.php:124
[01-Aug-2017 10:16:27 Asia/Tokyo] PHP  15. Illuminate\Cookie\Middleware\AddQueuedCookiesToResponse->handle() /home/ubuntu/workspace/microposts/vendor/laravel/framework/src/Illuminate/Pipeline/Pipeline.php:124
[01-Aug-2017 10:16:27 Asia/Tokyo] PHP  16. Illuminate\Pipeline\Pipeline->Illuminate\Pipeline\{closure}() /home/ubuntu/workspace/microposts/vendor/laravel/framework/src/Illuminate/Cookie/Middleware/AddQueuedCookiesToResponse.php:37
[01-Aug-2017 10:16:27 Asia/Tokyo] PHP  17. call_user_func_array:{/home/ubuntu/workspace/microposts/vendor/laravel/framework/src/Illuminate/Pipeline/Pipeline.php:124}() /home/ubuntu/workspace/microposts/vendor/laravel/framework/src/Illuminate/Pipeline/Pipeline.php:124
[01-Aug-2017 10:16:27 Asia/Tokyo] PHP  18. Illuminate\Session\Middleware\StartSession->handle() /home/ubuntu/workspace/microposts/vendor/laravel/framework/src/Illuminate/Pipeline/Pipeline.php:124
[01-Aug-2017 10:16:27 Asia/Tokyo] PHP  19. Illuminate\Pipeline\Pipeline->Illuminate\Pipeline\{closure}() /home/ubuntu/workspace/microposts/vendor/laravel/framework/src/Illuminate/Session/Middleware/StartSession.php:62
[01-Aug-2017 10:16:27 Asia/Tokyo] PHP  20. call_user_func_array:{/home/ubuntu/workspace/microposts/vendor/laravel/framework/src/Illuminate/Pipeline/Pipeline.php:124}() /home/ubuntu/workspace/microposts/vendor/laravel/framework/src/Illuminate/Pipeline/Pipeline.php:124
[01-Aug-2017 10:16:27 Asia/Tokyo] PHP  21. Illuminate\View\Middleware\ShareErrorsFromSession->handle() /home/ubuntu/workspace/microposts/vendor/laravel/framework/src/Illuminate/Pipeline/Pipeline.php:124
[01-Aug-2017 10:16:27 Asia/Tokyo] PHP  22. Illuminate\Pipeline\Pipeline->Illuminate\Pipeline\{closure}() /home/ubuntu/workspace/microposts/vendor/laravel/framework/src/Illuminate/View/Middleware/ShareErrorsFromSession.php:49
[01-Aug-2017 10:16:27 Asia/Tokyo] PHP  23. call_user_func_array:{/home/ubuntu/workspace/microposts/vendor/laravel/framework/src/Illuminate/Pipeline/Pipeline.php:124}() /home/ubuntu/workspace/microposts/vendor/laravel/framework/src/Illuminate/Pipeline/Pipeline.php:124
[01-Aug-2017 10:16:27 Asia/Tokyo] PHP  24. Illuminate\Foundation\Http\Middleware\VerifyCsrfToken->handle() /home/ubuntu/workspace/microposts/vendor/laravel/framework/src/Illuminate/Pipeline/Pipeline.php:124
[01-Aug-2017 10:16:27 Asia/Tokyo] PHP  25. Illuminate\Pipeline\Pipeline->Illuminate\Pipeline\{closure}() /home/ubuntu/workspace/microposts/vendor/laravel/framework/src/Illuminate/Foundation/Http/Middleware/VerifyCsrfToken.php:50
[01-Aug-2017 10:16:27 Asia/Tokyo] PHP  26. call_user_func:{/home/ubuntu/workspace/microposts/vendor/laravel/framework/src/Illuminate/Pipeline/Pipeline.php:139}() /home/ubuntu/workspace/microposts/vendor/laravel/framework/src/Illuminate/Pipeline/Pipeline.php:139
[01-Aug-2017 10:16:27 Asia/Tokyo] PHP  27. Illuminate\Foundation\Http\Kernel->Illuminate\Foundation\Http\{closure}() /home/ubuntu/workspace/microposts/vendor/laravel/framework/src/Illuminate/Pipeline/Pipeline.php:139
[01-Aug-2017 10:16:27 Asia/Tokyo] PHP  28. Illuminate\Routing\Router->dispatch() /home/ubuntu/workspace/microposts/vendor/laravel/framework/src/Illuminate/Foundation/Http/Kernel.php:236
[01-Aug-2017 10:16:27 Asia/Tokyo] PHP  29. Illuminate\Routing\Router->dispatchToRoute() /home/ubuntu/workspace/microposts/vendor/laravel/framework/src/Illuminate/Routing/Router.php:635
[01-Aug-2017 10:16:27 Asia/Tokyo] PHP  30. Illuminate\Routing\Router->runRouteWithinStack() /home/ubuntu/workspace/microposts/vendor/laravel/framework/src/Illuminate/Routing/Router.php:675
[01-Aug-2017 10:16:27 Asia/Tokyo] PHP  31. Illuminate\Pipeline\Pipeline->then() /home/ubuntu/workspace/microposts/vendor/laravel/framework/src/Illuminate/Routing/Router.php:710
[01-Aug-2017 10:16:27 Asia/Tokyo] PHP  32. call_user_func:{/home/ubuntu/workspace/microposts/vendor/laravel/framework/src/Illuminate/Pipeline/Pipeline.php:103}() /home/ubuntu/workspace/microposts/vendor/laravel/framework/src/Illuminate/Pipeline/Pipeline.php:103
[01-Aug-2017 10:16:27 Asia/Tokyo] PHP  33. Illuminate\Pipeline\Pipeline->Illuminate\Pipeline\{closure}() /home/ubuntu/workspace/microposts/vendor/laravel/framework/src/Illuminate/Pipeline/Pipeline.php:103
[01-Aug-2017 10:16:27 Asia/Tokyo] PHP  34. call_user_func_array:{/home/ubuntu/workspace/microposts/vendor/laravel/framework/src/Illuminate/Pipeline/Pipeline.php:124}() /home/ubuntu/workspace/microposts/vendor/laravel/framework/src/Illuminate/Pipeline/Pipeline.php:124
[01-Aug-2017 10:16:27 Asia/Tokyo] PHP  35. App\Http\Middleware\Authenticate->handle() /home/ubuntu/workspace/microposts/vendor/laravel/framework/src/Illuminate/Pipeline/Pipeline.php:124
[01-Aug-2017 10:16:27 Asia/Tokyo] PHP  36. Illuminate\Pipeline\Pipeline->Illuminate\Pipeline\{closure}() /home/ubuntu/workspace/microposts/app/Http/Middleware/Authenticate.php:45
[01-Aug-2017 10:16:27 Asia/Tokyo] PHP  37. call_user_func:{/home/ubuntu/workspace/microposts/vendor/laravel/framework/src/Illuminate/Pipeline/Pipeline.php:139}() /home/ubuntu/workspace/microposts/vendor/laravel/framework/src/Illuminate/Pipeline/Pipeline.php:139
[01-Aug-2017 10:16:27 Asia/Tokyo] PHP  38. Illuminate\Routing\Router->Illuminate\Routing\{closure}() /home/ubuntu/workspace/microposts/vendor/laravel/framework/src/Illuminate/Pipeline/Pipeline.php:139
[01-Aug-2017 10:16:27 Asia/Tokyo] PHP  39. Illuminate\Routing\Route->run() /home/ubuntu/workspace/microposts/vendor/laravel/framework/src/Illuminate/Routing/Router.php:708
[01-Aug-2017 10:16:27 Asia/Tokyo] PHP  40. Illuminate\Routing\Route->runWithCustomDispatcher() /home/ubuntu/workspace/microposts/vendor/laravel/framework/src/Illuminate/Routing/Route.php:134
[01-Aug-2017 10:16:27 Asia/Tokyo] PHP  41. Illuminate\Routing\ControllerDispatcher->dispatch() /home/ubuntu/workspace/microposts/vendor/laravel/framework/src/Illuminate/Routing/Route.php:203
[01-Aug-2017 10:16:27 Asia/Tokyo] PHP  42. Illuminate\Routing\ControllerDispatcher->callWithinStack() /home/ubuntu/workspace/microposts/vendor/laravel/framework/src/Illuminate/Routing/ControllerDispatcher.php:69
[01-Aug-2017 10:16:27 Asia/Tokyo] PHP  43. Illuminate\Pipeline\Pipeline->then() /home/ubuntu/workspace/microposts/vendor/laravel/framework/src/Illuminate/Routing/ControllerDispatcher.php:114
[01-Aug-2017 10:16:27 Asia/Tokyo] PHP  44. call_user_func:{/home/ubuntu/workspace/microposts/vendor/laravel/framework/src/Illuminate/Pipeline/Pipeline.php:103}() /home/ubuntu/workspace/microposts/vendor/laravel/framework/src/Illuminate/Pipeline/Pipeline.php:103
[01-Aug-2017 10:16:27 Asia/Tokyo] PHP  45. Illuminate\Pipeline\Pipeline->Illuminate\Pipeline\{closure}() /home/ubuntu/workspace/microposts/vendor/laravel/framework/src/Illuminate/Pipeline/Pipeline.php:103
[01-Aug-2017 10:16:27 Asia/Tokyo] PHP  46. call_user_func:{/home/ubuntu/workspace/microposts/vendor/laravel/framework/src/Illuminate/Pipeline/Pipeline.php:139}() /home/ubuntu/workspace/microposts/vendor/laravel/framework/src/Illuminate/Pipeline/Pipeline.php:139
[01-Aug-2017 10:16:27 Asia/Tokyo] PHP  47. Illuminate\Routing\ControllerDispatcher->Illuminate\Routing\{closure}() /home/ubuntu/workspace/microposts/vendor/laravel/framework/src/Illuminate/Pipeline/Pipeline.php:139
[01-Aug-2017 10:16:27 Asia/Tokyo] PHP  48. Illuminate\Routing\ControllerDispatcher->call() /home/ubuntu/workspace/microposts/vendor/laravel/framework/src/Illuminate/Routing/ControllerDispatcher.php:112
[01-Aug-2017 10:16:27 Asia/Tokyo] PHP  49. Illuminate\Routing\Controller->callAction() /home/ubuntu/workspace/microposts/vendor/laravel/framework/src/Illuminate/Routing/ControllerDispatcher.php:164
[01-Aug-2017 10:16:27 Asia/Tokyo] PHP  50. call_user_func_array:{/home/ubuntu/workspace/microposts/vendor/laravel/framework/src/Illuminate/Routing/Controller.php:256}() /home/ubuntu/workspace/microposts/vendor/laravel/framework/src/Illuminate/Routing/Controller.php:256
[01-Aug-2017 10:16:27 Asia/Tokyo] PHP  51. App\Http\Controllers\MicropostsController->destroy() /home/ubuntu/workspace/microposts/vendor/laravel/framework/src/Illuminate/Routing/Controller.php:256
[01-Aug-2017 17:43:47 Asia/Tokyo] PHP Fatal error:  Cannot redeclare App\Http\Controllers\UserFollowController::destroy() in /home/ubuntu/workspace/microposts/app/Http/Controllers/UserFollowController.php on line 90
[01-Aug-2017 17:43:47 Asia/Tokyo] PHP Stack trace:
[01-Aug-2017 17:43:47 Asia/Tokyo] PHP   1. {main}() /home/ubuntu/workspace/microposts/server.php:0
[01-Aug-2017 17:43:47 Asia/Tokyo] PHP   2. require_once() /home/ubuntu/workspace/microposts/server.php:21
[01-Aug-2017 17:43:47 Asia/Tokyo] PHP   3. Illuminate\Foundation\Http\Kernel->handle() /home/ubuntu/workspace/microposts/public/index.php:54
[01-Aug-2017 17:43:47 Asia/Tokyo] PHP   4. Illuminate\Foundation\Http\Kernel->sendRequestThroughRouter() /home/ubuntu/workspace/microposts/vendor/laravel/framework/src/Illuminate/Foundation/Http/Kernel.php:87
[01-Aug-2017 17:43:47 Asia/Tokyo] PHP   5. Illuminate\Pipeline\Pipeline->then() /home/ubuntu/workspace/microposts/vendor/laravel/framework/src/Illuminate/Foundation/Http/Kernel.php:122
[01-Aug-2017 17:43:47 Asia/Tokyo] PHP   6. call_user_func:{/home/ubuntu/workspace/microposts/vendor/laravel/framework/src/Illuminate/Pipeline/Pipeline.php:103}() /home/ubuntu/workspace/microposts/vendor/laravel/framework/src/Illuminate/Pipeline/Pipeline.php:103
[01-Aug-2017 17:43:47 Asia/Tokyo] PHP   7. Illuminate\Pipeline\Pipeline->Illuminate\Pipeline\{closure}() /home/ubuntu/workspace/microposts/vendor/laravel/framework/src/Illuminate/Pipeline/Pipeline.php:103
[01-Aug-2017 17:43:47 Asia/Tokyo] PHP   8. call_user_func_array:{/home/ubuntu/workspace/microposts/vendor/laravel/framework/src/Illuminate/Pipeline/Pipeline.php:124}() /home/ubuntu/workspace/microposts/vendor/laravel/framework/src/Illuminate/Pipeline/Pipeline.php:124
[01-Aug-2017 17:43:47 Asia/Tokyo] PHP   9. Illuminate\Foundation\Http\Middleware\CheckForMaintenanceMode->handle() /home/ubuntu/workspace/microposts/vendor/laravel/framework/src/Illuminate/Pipeline/Pipeline.php:124
[01-Aug-2017 17:43:47 Asia/Tokyo] PHP  10. Illuminate\Pipeline\Pipeline->Illuminate\Pipeline\{closure}() /home/ubuntu/workspace/microposts/vendor/laravel/framework/src/Illuminate/Foundation/Http/Middleware/CheckForMaintenanceMode.php:44
[01-Aug-2017 17:43:47 Asia/Tokyo] PHP  11. call_user_func_array:{/home/ubuntu/workspace/microposts/vendor/laravel/framework/src/Illuminate/Pipeline/Pipeline.php:124}() /home/ubuntu/workspace/microposts/vendor/laravel/framework/src/Illuminate/Pipeline/Pipeline.php:124
[01-Aug-2017 17:43:47 Asia/Tokyo] PHP  12. Illuminate\Cookie\Middleware\EncryptCookies->handle() /home/ubuntu/workspace/microposts/vendor/laravel/framework/src/Illuminate/Pipeline/Pipeline.php:124
[01-Aug-2017 17:43:47 Asia/Tokyo] PHP  13. Illuminate\Pipeline\Pipeline->Illuminate\Pipeline\{closure}() /home/ubuntu/workspace/microposts/vendor/laravel/framework/src/Illuminate/Cookie/Middleware/EncryptCookies.php:59
[01-Aug-2017 17:43:47 Asia/Tokyo] PHP  14. call_user_func_array:{/home/ubuntu/workspace/microposts/vendor/laravel/framework/src/Illuminate/Pipeline/Pipeline.php:124}() /home/ubuntu/workspace/microposts/vendor/laravel/framework/src/Illuminate/Pipeline/Pipeline.php:124
[01-Aug-2017 17:43:47 Asia/Tokyo] PHP  15. Illuminate\Cookie\Middleware\AddQueuedCookiesToResponse->handle() /home/ubuntu/workspace/microposts/vendor/laravel/framework/src/Illuminate/Pipeline/Pipeline.php:124
[01-Aug-2017 17:43:47 Asia/Tokyo] PHP  16. Illuminate\Pipeline\Pipeline->Illuminate\Pipeline\{closure}() /home/ubuntu/workspace/microposts/vendor/laravel/framework/src/Illuminate/Cookie/Middleware/AddQueuedCookiesToResponse.php:37
[01-Aug-2017 17:43:47 Asia/Tokyo] PHP  17. call_user_func_array:{/home/ubuntu/workspace/microposts/vendor/laravel/framework/src/Illuminate/Pipeline/Pipeline.php:124}() /home/ubuntu/workspace/microposts/vendor/laravel/framework/src/Illuminate/Pipeline/Pipeline.php:124
[01-Aug-2017 17:43:47 Asia/Tokyo] PHP  18. Illuminate\Session\Middleware\StartSession->handle() /home/ubuntu/workspace/microposts/vendor/laravel/framework/src/Illuminate/Pipeline/Pipeline.php:124
[01-Aug-2017 17:43:47 Asia/Tokyo] PHP  19. Illuminate\Pipeline\Pipeline->Illuminate\Pipeline\{closure}() /home/ubuntu/workspace/microposts/vendor/laravel/framework/src/Illuminate/Session/Middleware/StartSession.php:62
[01-Aug-2017 17:43:47 Asia/Tokyo] PHP  20. call_user_func_array:{/home/ubuntu/workspace/microposts/vendor/laravel/framework/src/Illuminate/Pipeline/Pipeline.php:124}() /home/ubuntu/workspace/microposts/vendor/laravel/framework/src/Illuminate/Pipeline/Pipeline.php:124
[01-Aug-2017 17:43:47 Asia/Tokyo] PHP  21. Illuminate\View\Middleware\ShareErrorsFromSession->handle() /home/ubuntu/workspace/microposts/vendor/laravel/framework/src/Illuminate/Pipeline/Pipeline.php:124
[01-Aug-2017 17:43:47 Asia/Tokyo] PHP  22. Illuminate\Pipeline\Pipeline->Illuminate\Pipeline\{closure}() /home/ubuntu/workspace/microposts/vendor/laravel/framework/src/Illuminate/View/Middleware/ShareErrorsFromSession.php:49
[01-Aug-2017 17:43:47 Asia/Tokyo] PHP  23. call_user_func_array:{/home/ubuntu/workspace/microposts/vendor/laravel/framework/src/Illuminate/Pipeline/Pipeline.php:124}() /home/ubuntu/workspace/microposts/vendor/laravel/framework/src/Illuminate/Pipeline/Pipeline.php:124
[01-Aug-2017 17:43:47 Asia/Tokyo] PHP  24. Illuminate\Foundation\Http\Middleware\VerifyCsrfToken->handle() /home/ubuntu/workspace/microposts/vendor/laravel/framework/src/Illuminate/Pipeline/Pipeline.php:124
[01-Aug-2017 17:43:47 Asia/Tokyo] PHP  25. Illuminate\Pipeline\Pipeline->Illuminate\Pipeline\{closure}() /home/ubuntu/workspace/microposts/vendor/laravel/framework/src/Illuminate/Foundation/Http/Middleware/VerifyCsrfToken.php:50
[01-Aug-2017 17:43:47 Asia/Tokyo] PHP  26. call_user_func:{/home/ubuntu/workspace/microposts/vendor/laravel/framework/src/Illuminate/Pipeline/Pipeline.php:139}() /home/ubuntu/workspace/microposts/vendor/laravel/framework/src/Illuminate/Pipeline/Pipeline.php:139
[01-Aug-2017 17:43:47 Asia/Tokyo] PHP  27. Illuminate\Foundation\Http\Kernel->Illuminate\Foundation\Http\{closure}() /home/ubuntu/workspace/microposts/vendor/laravel/framework/src/Illuminate/Pipeline/Pipeline.php:139
[01-Aug-2017 17:43:47 Asia/Tokyo] PHP  28. Illuminate\Routing\Router->dispatch() /home/ubuntu/workspace/microposts/vendor/laravel/framework/src/Illuminate/Foundation/Http/Kernel.php:236
[01-Aug-2017 17:43:47 Asia/Tokyo] PHP  29. Illuminate\Routing\Router->dispatchToRoute() /home/ubuntu/workspace/microposts/vendor/laravel/framework/src/Illuminate/Routing/Router.php:635
[01-Aug-2017 17:43:47 Asia/Tokyo] PHP  30. Illuminate\Routing\Router->runRouteWithinStack() /home/ubuntu/workspace/microposts/vendor/laravel/framework/src/Illuminate/Routing/Router.php:675
[01-Aug-2017 17:43:47 Asia/Tokyo] PHP  31. Illuminate\Pipeline\Pipeline->then() /home/ubuntu/workspace/microposts/vendor/laravel/framework/src/Illuminate/Routing/Router.php:710
[01-Aug-2017 17:43:47 Asia/Tokyo] PHP  32. call_user_func:{/home/ubuntu/workspace/microposts/vendor/laravel/framework/src/Illuminate/Pipeline/Pipeline.php:103}() /home/ubuntu/workspace/microposts/vendor/laravel/framework/src/Illuminate/Pipeline/Pipeline.php:103
[01-Aug-2017 17:43:47 Asia/Tokyo] PHP  33. Illuminate\Pipeline\Pipeline->Illuminate\Pipeline\{closure}() /home/ubuntu/workspace/microposts/vendor/laravel/framework/src/Illuminate/Pipeline/Pipeline.php:103
[01-Aug-2017 17:43:47 Asia/Tokyo] PHP  34. call_user_func_array:{/home/ubuntu/workspace/microposts/vendor/laravel/framework/src/Illuminate/Pipeline/Pipeline.php:124}() /home/ubuntu/workspace/microposts/vendor/laravel/framework/src/Illuminate/Pipeline/Pipeline.php:124
[01-Aug-2017 17:43:47 Asia/Tokyo] PHP  35. App\Http\Middleware\Authenticate->handle() /home/ubuntu/workspace/microposts/vendor/laravel/framework/src/Illuminate/Pipeline/Pipeline.php:124
[01-Aug-2017 17:43:47 Asia/Tokyo] PHP  36. Illuminate\Pipeline\Pipeline->Illuminate\Pipeline\{closure}() /home/ubuntu/workspace/microposts/app/Http/Middleware/Authenticate.php:45
[01-Aug-2017 17:43:47 Asia/Tokyo] PHP  37. call_user_func:{/home/ubuntu/workspace/microposts/vendor/laravel/framework/src/Illuminate/Pipeline/Pipeline.php:139}() /home/ubuntu/workspace/microposts/vendor/laravel/framework/src/Illuminate/Pipeline/Pipeline.php:139
[01-Aug-2017 17:43:47 Asia/Tokyo] PHP  38. Illuminate\Routing\Router->Illuminate\Routing\{closure}() /home/ubuntu/workspace/microposts/vendor/laravel/framework/src/Illuminate/Pipeline/Pipeline.php:139
[01-Aug-2017 17:43:47 Asia/Tokyo] PHP  39. Illuminate\Routing\Route->run() /home/ubuntu/workspace/microposts/vendor/laravel/framework/src/Illuminate/Routing/Router.php:708
[01-Aug-2017 17:43:47 Asia/Tokyo] PHP  40. Illuminate\Routing\Route->runWithCustomDispatcher() /home/ubuntu/workspace/microposts/vendor/laravel/framework/src/Illuminate/Routing/Route.php:134
[01-Aug-2017 17:43:47 Asia/Tokyo] PHP  41. Illuminate\Routing\ControllerDispatcher->dispatch() /home/ubuntu/workspace/microposts/vendor/laravel/framework/src/Illuminate/Routing/Route.php:203
[01-Aug-2017 17:43:47 Asia/Tokyo] PHP  42. Illuminate\Routing\ControllerDispatcher->makeController() /home/ubuntu/workspace/microposts/vendor/laravel/framework/src/Illuminate/Routing/ControllerDispatcher.php:57
[01-Aug-2017 17:43:47 Asia/Tokyo] PHP  43. Illuminate\Foundation\Application->make() /home/ubuntu/workspace/microposts/vendor/laravel/framework/src/Illuminate/Routing/ControllerDispatcher.php:85
[01-Aug-2017 17:43:47 Asia/Tokyo] PHP  44. Illuminate\Container\Container->make() /home/ubuntu/workspace/microposts/vendor/laravel/framework/src/Illuminate/Foundation/Application.php:674
[01-Aug-2017 17:43:47 Asia/Tokyo] PHP  45. Illuminate\Container\Container->build() /home/ubuntu/workspace/microposts/vendor/laravel/framework/src/Illuminate/Container/Container.php:631
[01-Aug-2017 17:43:47 Asia/Tokyo] PHP  46. ReflectionClass->__construct() /home/ubuntu/workspace/microposts/vendor/laravel/framework/src/Illuminate/Container/Container.php:741
[01-Aug-2017 17:43:47 Asia/Tokyo] PHP  47. spl_autoload_call() /home/ubuntu/workspace/microposts/vendor/laravel/framework/src/Illuminate/Container/Container.php:741
[01-Aug-2017 17:43:47 Asia/Tokyo] PHP  48. Composer\Autoload\ClassLoader->loadClass() /home/ubuntu/workspace/microposts/vendor/laravel/framework/src/Illuminate/Container/Container.php:741
[01-Aug-2017 17:43:47 Asia/Tokyo] PHP  49. Composer\Autoload\includeFile() /home/ubuntu/workspace/microposts/vendor/composer/ClassLoader.php:322
[01-Aug-2017 17:47:03 Asia/Tokyo] PHP Fatal error:  Cannot redeclare App\Http\Controllers\UserFollowController::destroy() in /home/ubuntu/workspace/microposts/app/Http/Controllers/UserFollowController.php on line 90
[01-Aug-2017 17:47:03 Asia/Tokyo] PHP Stack trace:
[01-Aug-2017 17:47:03 Asia/Tokyo] PHP   1. {main}() /home/ubuntu/workspace/microposts/server.php:0
[01-Aug-2017 17:47:03 Asia/Tokyo] PHP   2. require_once() /home/ubuntu/workspace/microposts/server.php:21
[01-Aug-2017 17:47:03 Asia/Tokyo] PHP   3. Illuminate\Foundation\Http\Kernel->handle() /home/ubuntu/workspace/microposts/public/index.php:54
[01-Aug-2017 17:47:03 Asia/Tokyo] PHP   4. Illuminate\Foundation\Http\Kernel->sendRequestThroughRouter() /home/ubuntu/workspace/microposts/vendor/laravel/framework/src/Illuminate/Foundation/Http/Kernel.php:87
[01-Aug-2017 17:47:03 Asia/Tokyo] PHP   5. Illuminate\Pipeline\Pipeline->then() /home/ubuntu/workspace/microposts/vendor/laravel/framework/src/Illuminate/Foundation/Http/Kernel.php:122
[01-Aug-2017 17:47:03 Asia/Tokyo] PHP   6. call_user_func:{/home/ubuntu/workspace/microposts/vendor/laravel/framework/src/Illuminate/Pipeline/Pipeline.php:103}() /home/ubuntu/workspace/microposts/vendor/laravel/framework/src/Illuminate/Pipeline/Pipeline.php:103
[01-Aug-2017 17:47:03 Asia/Tokyo] PHP   7. Illuminate\Pipeline\Pipeline->Illuminate\Pipeline\{closure}() /home/ubuntu/workspace/microposts/vendor/laravel/framework/src/Illuminate/Pipeline/Pipeline.php:103
[01-Aug-2017 17:47:03 Asia/Tokyo] PHP   8. call_user_func_array:{/home/ubuntu/workspace/microposts/vendor/laravel/framework/src/Illuminate/Pipeline/Pipeline.php:124}() /home/ubuntu/workspace/microposts/vendor/laravel/framework/src/Illuminate/Pipeline/Pipeline.php:124
[01-Aug-2017 17:47:03 Asia/Tokyo] PHP   9. Illuminate\Foundation\Http\Middleware\CheckForMaintenanceMode->handle() /home/ubuntu/workspace/microposts/vendor/laravel/framework/src/Illuminate/Pipeline/Pipeline.php:124
[01-Aug-2017 17:47:03 Asia/Tokyo] PHP  10. Illuminate\Pipeline\Pipeline->Illuminate\Pipeline\{closure}() /home/ubuntu/workspace/microposts/vendor/laravel/framework/src/Illuminate/Foundation/Http/Middleware/CheckForMaintenanceMode.php:44
[01-Aug-2017 17:47:03 Asia/Tokyo] PHP  11. call_user_func_array:{/home/ubuntu/workspace/microposts/vendor/laravel/framework/src/Illuminate/Pipeline/Pipeline.php:124}() /home/ubuntu/workspace/microposts/vendor/laravel/framework/src/Illuminate/Pipeline/Pipeline.php:124
[01-Aug-2017 17:47:03 Asia/Tokyo] PHP  12. Illuminate\Cookie\Middleware\EncryptCookies->handle() /home/ubuntu/workspace/microposts/vendor/laravel/framework/src/Illuminate/Pipeline/Pipeline.php:124
[01-Aug-2017 17:47:03 Asia/Tokyo] PHP  13. Illuminate\Pipeline\Pipeline->Illuminate\Pipeline\{closure}() /home/ubuntu/workspace/microposts/vendor/laravel/framework/src/Illuminate/Cookie/Middleware/EncryptCookies.php:59
[01-Aug-2017 17:47:03 Asia/Tokyo] PHP  14. call_user_func_array:{/home/ubuntu/workspace/microposts/vendor/laravel/framework/src/Illuminate/Pipeline/Pipeline.php:124}() /home/ubuntu/workspace/microposts/vendor/laravel/framework/src/Illuminate/Pipeline/Pipeline.php:124
[01-Aug-2017 17:47:03 Asia/Tokyo] PHP  15. Illuminate\Cookie\Middleware\AddQueuedCookiesToResponse->handle() /home/ubuntu/workspace/microposts/vendor/laravel/framework/src/Illuminate/Pipeline/Pipeline.php:124
[01-Aug-2017 17:47:03 Asia/Tokyo] PHP  16. Illuminate\Pipeline\Pipeline->Illuminate\Pipeline\{closure}() /home/ubuntu/workspace/microposts/vendor/laravel/framework/src/Illuminate/Cookie/Middleware/AddQueuedCookiesToResponse.php:37
[01-Aug-2017 17:47:03 Asia/Tokyo] PHP  17. call_user_func_array:{/home/ubuntu/workspace/microposts/vendor/laravel/framework/src/Illuminate/Pipeline/Pipeline.php:124}() /home/ubuntu/workspace/microposts/vendor/laravel/framework/src/Illuminate/Pipeline/Pipeline.php:124
[01-Aug-2017 17:47:03 Asia/Tokyo] PHP  18. Illuminate\Session\Middleware\StartSession->handle() /home/ubuntu/workspace/microposts/vendor/laravel/framework/src/Illuminate/Pipeline/Pipeline.php:124
[01-Aug-2017 17:47:03 Asia/Tokyo] PHP  19. Illuminate\Pipeline\Pipeline->Illuminate\Pipeline\{closure}() /home/ubuntu/workspace/microposts/vendor/laravel/framework/src/Illuminate/Session/Middleware/StartSession.php:62
[01-Aug-2017 17:47:03 Asia/Tokyo] PHP  20. call_user_func_array:{/home/ubuntu/workspace/microposts/vendor/laravel/framework/src/Illuminate/Pipeline/Pipeline.php:124}() /home/ubuntu/workspace/microposts/vendor/laravel/framework/src/Illuminate/Pipeline/Pipeline.php:124
[01-Aug-2017 17:47:03 Asia/Tokyo] PHP  21. Illuminate\View\Middleware\ShareErrorsFromSession->handle() /home/ubuntu/workspace/microposts/vendor/laravel/framework/src/Illuminate/Pipeline/Pipeline.php:124
[01-Aug-2017 17:47:03 Asia/Tokyo] PHP  22. Illuminate\Pipeline\Pipeline->Illuminate\Pipeline\{closure}() /home/ubuntu/workspace/microposts/vendor/laravel/framework/src/Illuminate/View/Middleware/ShareErrorsFromSession.php:49
[01-Aug-2017 17:47:03 Asia/Tokyo] PHP  23. call_user_func_array:{/home/ubuntu/workspace/microposts/vendor/laravel/framework/src/Illuminate/Pipeline/Pipeline.php:124}() /home/ubuntu/workspace/microposts/vendor/laravel/framework/src/Illuminate/Pipeline/Pipeline.php:124
[01-Aug-2017 17:47:03 Asia/Tokyo] PHP  24. Illuminate\Foundation\Http\Middleware\VerifyCsrfToken->handle() /home/ubuntu/workspace/microposts/vendor/laravel/framework/src/Illuminate/Pipeline/Pipeline.php:124
[01-Aug-2017 17:47:03 Asia/Tokyo] PHP  25. Illuminate\Pipeline\Pipeline->Illuminate\Pipeline\{closure}() /home/ubuntu/workspace/microposts/vendor/laravel/framework/src/Illuminate/Foundation/Http/Middleware/VerifyCsrfToken.php:50
[01-Aug-2017 17:47:03 Asia/Tokyo] PHP  26. call_user_func:{/home/ubuntu/workspace/microposts/vendor/laravel/framework/src/Illuminate/Pipeline/Pipeline.php:139}() /home/ubuntu/workspace/microposts/vendor/laravel/framework/src/Illuminate/Pipeline/Pipeline.php:139
[01-Aug-2017 17:47:03 Asia/Tokyo] PHP  27. Illuminate\Foundation\Http\Kernel->Illuminate\Foundation\Http\{closure}() /home/ubuntu/workspace/microposts/vendor/laravel/framework/src/Illuminate/Pipeline/Pipeline.php:139
[01-Aug-2017 17:47:03 Asia/Tokyo] PHP  28. Illuminate\Routing\Router->dispatch() /home/ubuntu/workspace/microposts/vendor/laravel/framework/src/Illuminate/Foundation/Http/Kernel.php:236
[01-Aug-2017 17:47:03 Asia/Tokyo] PHP  29. Illuminate\Routing\Router->dispatchToRoute() /home/ubuntu/workspace/microposts/vendor/laravel/framework/src/Illuminate/Routing/Router.php:635
[01-Aug-2017 17:47:03 Asia/Tokyo] PHP  30. Illuminate\Routing\Router->runRouteWithinStack() /home/ubuntu/workspace/microposts/vendor/laravel/framework/src/Illuminate/Routing/Router.php:675
[01-Aug-2017 17:47:03 Asia/Tokyo] PHP  31. Illuminate\Pipeline\Pipeline->then() /home/ubuntu/workspace/microposts/vendor/laravel/framework/src/Illuminate/Routing/Router.php:710
[01-Aug-2017 17:47:03 Asia/Tokyo] PHP  32. call_user_func:{/home/ubuntu/workspace/microposts/vendor/laravel/framework/src/Illuminate/Pipeline/Pipeline.php:103}() /home/ubuntu/workspace/microposts/vendor/laravel/framework/src/Illuminate/Pipeline/Pipeline.php:103
[01-Aug-2017 17:47:03 Asia/Tokyo] PHP  33. Illuminate\Pipeline\Pipeline->Illuminate\Pipeline\{closure}() /home/ubuntu/workspace/microposts/vendor/laravel/framework/src/Illuminate/Pipeline/Pipeline.php:103
[01-Aug-2017 17:47:03 Asia/Tokyo] PHP  34. call_user_func_array:{/home/ubuntu/workspace/microposts/vendor/laravel/framework/src/Illuminate/Pipeline/Pipeline.php:124}() /home/ubuntu/workspace/microposts/vendor/laravel/framework/src/Illuminate/Pipeline/Pipeline.php:124
[01-Aug-2017 17:47:03 Asia/Tokyo] PHP  35. App\Http\Middleware\Authenticate->handle() /home/ubuntu/workspace/microposts/vendor/laravel/framework/src/Illuminate/Pipeline/Pipeline.php:124
[01-Aug-2017 17:47:03 Asia/Tokyo] PHP  36. Illuminate\Pipeline\Pipeline->Illuminate\Pipeline\{closure}() /home/ubuntu/workspace/microposts/app/Http/Middleware/Authenticate.php:45
[01-Aug-2017 17:47:03 Asia/Tokyo] PHP  37. call_user_func:{/home/ubuntu/workspace/microposts/vendor/laravel/framework/src/Illuminate/Pipeline/Pipeline.php:139}() /home/ubuntu/workspace/microposts/vendor/laravel/framework/src/Illuminate/Pipeline/Pipeline.php:139
[01-Aug-2017 17:47:03 Asia/Tokyo] PHP  38. Illuminate\Routing\Router->Illuminate\Routing\{closure}() /home/ubuntu/workspace/microposts/vendor/laravel/framework/src/Illuminate/Pipeline/Pipeline.php:139
[01-Aug-2017 17:47:03 Asia/Tokyo] PHP  39. Illuminate\Routing\Route->run() /home/ubuntu/workspace/microposts/vendor/laravel/framework/src/Illuminate/Routing/Router.php:708
[01-Aug-2017 17:47:03 Asia/Tokyo] PHP  40. Illuminate\Routing\Route->runWithCustomDispatcher() /home/ubuntu/workspace/microposts/vendor/laravel/framework/src/Illuminate/Routing/Route.php:134
[01-Aug-2017 17:47:03 Asia/Tokyo] PHP  41. Illuminate\Routing\ControllerDispatcher->dispatch() /home/ubuntu/workspace/microposts/vendor/laravel/framework/src/Illuminate/Routing/Route.php:203
[01-Aug-2017 17:47:03 Asia/Tokyo] PHP  42. Illuminate\Routing\ControllerDispatcher->makeController() /home/ubuntu/workspace/microposts/vendor/laravel/framework/src/Illuminate/Routing/ControllerDispatcher.php:57
[01-Aug-2017 17:47:03 Asia/Tokyo] PHP  43. Illuminate\Foundation\Application->make() /home/ubuntu/workspace/microposts/vendor/laravel/framework/src/Illuminate/Routing/ControllerDispatcher.php:85
[01-Aug-2017 17:47:03 Asia/Tokyo] PHP  44. Illuminate\Container\Container->make() /home/ubuntu/workspace/microposts/vendor/laravel/framework/src/Illuminate/Foundation/Application.php:674
[01-Aug-2017 17:47:03 Asia/Tokyo] PHP  45. Illuminate\Container\Container->build() /home/ubuntu/workspace/microposts/vendor/laravel/framework/src/Illuminate/Container/Container.php:631
[01-Aug-2017 17:47:03 Asia/Tokyo] PHP  46. ReflectionClass->__construct() /home/ubuntu/workspace/microposts/vendor/laravel/framework/src/Illuminate/Container/Container.php:741
[01-Aug-2017 17:47:03 Asia/Tokyo] PHP  47. spl_autoload_call() /home/ubuntu/workspace/microposts/vendor/laravel/framework/src/Illuminate/Container/Container.php:741
[01-Aug-2017 17:47:03 Asia/Tokyo] PHP  48. Composer\Autoload\ClassLoader->loadClass() /home/ubuntu/workspace/microposts/vendor/laravel/framework/src/Illuminate/Container/Container.php:741
[01-Aug-2017 17:47:03 Asia/Tokyo] PHP  49. Composer\Autoload\includeFile() /home/ubuntu/workspace/microposts/vendor/composer/ClassLoader.php:322
